2025-11-10T00:11:44.485+01:00  WARN 97821 --- [order] [HikariPool-1:housekeeper] com.zaxxer.hikari.pool.HikariPool        : HikariPool-1 - Thread starvation or clock leap detected (housekeeper delta=11m34s799ms).
2025-11-10T00:27:45.288+01:00  WARN 97821 --- [order] [HikariPool-1:housekeeper] com.zaxxer.hikari.pool.HikariPool        : HikariPool-1 - Thread starvation or clock leap detected (housekeeper delta=15m30s736ms).
2025-11-10T00:28:00.072+01:00  INFO 97821 --- [order] [AsyncResolver-bootstrap-executor-%d] c.n.d.s.r.aws.ConfigClusterResolver      : Resolving eureka endpoints via configuration
2025-11-10T00:33:00.098+01:00  INFO 97821 --- [order] [AsyncResolver-bootstrap-executor-%d] c.n.d.s.r.aws.ConfigClusterResolver      : Resolving eureka endpoints via configuration
2025-11-10T00:38:00.137+01:00  INFO 97821 --- [order] [AsyncResolver-bootstrap-executor-%d] c.n.d.s.r.aws.ConfigClusterResolver      : Resolving eureka endpoints via configuration
2025-11-10T00:43:00.178+01:00  INFO 97821 --- [order] [AsyncResolver-bootstrap-executor-%d] c.n.d.s.r.aws.ConfigClusterResolver      : Resolving eureka endpoints via configuration
2025-11-10T00:48:00.334+01:00  INFO 97821 --- [order] [AsyncResolver-bootstrap-executor-%d] c.n.d.s.r.aws.ConfigClusterResolver      : Resolving eureka endpoints via configuration
2025-11-10T00:53:00.447+01:00  INFO 97821 --- [order] [AsyncResolver-bootstrap-executor-%d] c.n.d.s.r.aws.ConfigClusterResolver      : Resolving eureka endpoints via configuration
2025-11-10T00:58:00.505+01:00  INFO 97821 --- [order] [AsyncResolver-bootstrap-executor-%d] c.n.d.s.r.aws.ConfigClusterResolver      : Resolving eureka endpoints via configuration
2025-11-10T01:03:00.572+01:00  INFO 97821 --- [order] [AsyncResolver-bootstrap-executor-%d] c.n.d.s.r.aws.ConfigClusterResolver      : Resolving eureka endpoints via configuration
2025-11-10T01:08:00.611+01:00  INFO 97821 --- [order] [AsyncResolver-bootstrap-executor-%d] c.n.d.s.r.aws.ConfigClusterResolver      : Resolving eureka endpoints via configuration
2025-11-10T01:13:00.644+01:00  INFO 97821 --- [order] [AsyncResolver-bootstrap-executor-%d] c.n.d.s.r.aws.ConfigClusterResolver      : Resolving eureka endpoints via configuration
2025-11-10T01:18:00.672+01:00  INFO 97821 --- [order] [AsyncResolver-bootstrap-executor-%d] c.n.d.s.r.aws.ConfigClusterResolver      : Resolving eureka endpoints via configuration
2025-11-10T01:23:00.712+01:00  INFO 97821 --- [order] [AsyncResolver-bootstrap-executor-%d] c.n.d.s.r.aws.ConfigClusterResolver      : Resolving eureka endpoints via configuration
2025-11-10T01:28:00.751+01:00  INFO 97821 --- [order] [AsyncResolver-bootstrap-executor-%d] c.n.d.s.r.aws.ConfigClusterResolver      : Resolving eureka endpoints via configuration
2025-11-10T01:44:11.922+01:00  INFO 97821 --- [order] [DiscoveryClient-HeartbeatExecutor-%d] com.netflix.discovery.DiscoveryClient    : DiscoveryClient_ORDER/192.168.100.53:order:9092 - Re-registering apps/ORDER
2025-11-10T01:44:11.931+01:00  INFO 97821 --- [order] [DiscoveryClient-HeartbeatExecutor-%d] com.netflix.discovery.DiscoveryClient    : DiscoveryClient_ORDER/192.168.100.53:order:9092: registering service...
2025-11-10T01:44:12.091+01:00  INFO 97821 --- [order] [DiscoveryClient-HeartbeatExecutor-%d] com.netflix.discovery.DiscoveryClient    : DiscoveryClient_ORDER/192.168.100.53:order:9092 - registration status: 204
2025-11-10T01:59:19.075+01:00  WARN 97821 --- [order] [HikariPool-1:housekeeper] com.zaxxer.hikari.pool.HikariPool        : HikariPool-1 - Thread starvation or clock leap detected (housekeeper delta=30m32s983ms).
2025-11-10T02:30:20.870+01:00  WARN 97821 --- [order] [HikariPool-1:housekeeper] com.zaxxer.hikari.pool.HikariPool        : HikariPool-1 - Thread starvation or clock leap detected (housekeeper delta=30m31s859ms).
2025-11-10T02:45:52.539+01:00  WARN 97821 --- [order] [HikariPool-1:housekeeper] com.zaxxer.hikari.pool.HikariPool        : HikariPool-1 - Thread starvation or clock leap detected (housekeeper delta=15m31s665ms).
2025-11-10T03:01:24.157+01:00  WARN 97821 --- [order] [HikariPool-1:housekeeper] com.zaxxer.hikari.pool.HikariPool        : HikariPool-1 - Thread starvation or clock leap detected (housekeeper delta=15m31s624ms).
2025-11-10T03:16:55.812+01:00  WARN 97821 --- [order] [HikariPool-1:housekeeper] com.zaxxer.hikari.pool.HikariPool        : HikariPool-1 - Thread starvation or clock leap detected (housekeeper delta=15m31s653ms).
2025-11-10T03:29:38.233+01:00  INFO 97821 --- [order] [DiscoveryClient-HeartbeatExecutor-%d] com.netflix.discovery.DiscoveryClient    : DiscoveryClient_ORDER/192.168.100.53:order:9092 - Re-registering apps/ORDER
2025-11-10T03:29:38.237+01:00  INFO 97821 --- [order] [DiscoveryClient-HeartbeatExecutor-%d] com.netflix.discovery.DiscoveryClient    : DiscoveryClient_ORDER/192.168.100.53:order:9092: registering service...
2025-11-10T03:29:38.294+01:00  INFO 97821 --- [order] [DiscoveryClient-HeartbeatExecutor-%d] com.netflix.discovery.DiscoveryClient    : DiscoveryClient_ORDER/192.168.100.53:order:9092 - registration status: 204
2025-11-10T03:29:42.931+01:00  WARN 97821 --- [order] [HikariPool-1:housekeeper] com.zaxxer.hikari.pool.HikariPool        : HikariPool-1 - Thread starvation or clock leap detected (housekeeper delta=12m47s124ms).
2025-11-10T03:45:13.999+01:00  WARN 97821 --- [order] [HikariPool-1:housekeeper] com.zaxxer.hikari.pool.HikariPool        : HikariPool-1 - Thread starvation or clock leap detected (housekeeper delta=15m31s62ms).
2025-11-10T04:00:29.604+01:00  INFO 97821 --- [order] [AsyncResolver-bootstrap-executor-%d] c.n.d.s.r.aws.ConfigClusterResolver      : Resolving eureka endpoints via configuration
2025-11-10T04:00:45.131+01:00  WARN 97821 --- [order] [HikariPool-1:housekeeper] com.zaxxer.hikari.pool.HikariPool        : HikariPool-1 - Thread starvation or clock leap detected (housekeeper delta=15m31s138ms).
2025-11-10T04:16:16.697+01:00  WARN 97821 --- [order] [HikariPool-1:housekeeper] com.zaxxer.hikari.pool.HikariPool        : HikariPool-1 - Thread starvation or clock leap detected (housekeeper delta=15m31s566ms).
2025-11-10T04:31:47.788+01:00  WARN 97821 --- [order] [HikariPool-1:housekeeper] com.zaxxer.hikari.pool.HikariPool        : HikariPool-1 - Thread starvation or clock leap detected (housekeeper delta=15m31s86ms).
2025-11-10T04:47:19.490+01:00  WARN 97821 --- [order] [HikariPool-1:housekeeper] com.zaxxer.hikari.pool.HikariPool        : HikariPool-1 - Thread starvation or clock leap detected (housekeeper delta=15m31s702ms).
2025-11-10T05:02:50.537+01:00  WARN 97821 --- [order] [HikariPool-1:housekeeper] com.zaxxer.hikari.pool.HikariPool        : HikariPool-1 - Thread starvation or clock leap detected (housekeeper delta=15m31s51ms).
2025-11-10T05:19:35.001+01:00  WARN 97821 --- [order] [HikariPool-1:housekeeper] com.zaxxer.hikari.pool.HikariPool        : HikariPool-1 - Thread starvation or clock leap detected (housekeeper delta=16m44s460ms).
2025-11-10T05:54:58.070+01:00  WARN 97821 --- [order] [HikariPool-1:housekeeper] com.zaxxer.hikari.pool.HikariPool        : HikariPool-1 - Thread starvation or clock leap detected (housekeeper delta=35m23s74ms).
2025-11-10T06:40:22.946+01:00  WARN 97821 --- [order] [HikariPool-1:housekeeper] com.zaxxer.hikari.pool.HikariPool        : HikariPool-1 - Thread starvation or clock leap detected (housekeeper delta=45m24s863ms).
2025-11-10T07:10:54.062+01:00  INFO 97821 --- [order] [DiscoveryClient-HeartbeatExecutor-%d] com.netflix.discovery.DiscoveryClient    : DiscoveryClient_ORDER/192.168.100.53:order:9092 - Re-registering apps/ORDER
2025-11-10T07:10:54.065+01:00  INFO 97821 --- [order] [DiscoveryClient-HeartbeatExecutor-%d] com.netflix.discovery.DiscoveryClient    : DiscoveryClient_ORDER/192.168.100.53:order:9092: registering service...
2025-11-10T07:10:54.114+01:00  INFO 97821 --- [order] [DiscoveryClient-HeartbeatExecutor-%d] com.netflix.discovery.DiscoveryClient    : DiscoveryClient_ORDER/192.168.100.53:order:9092 - registration status: 204
2025-11-10T07:10:56.038+01:00  WARN 97821 --- [order] [HikariPool-1:housekeeper] com.zaxxer.hikari.pool.HikariPool        : HikariPool-1 - Thread starvation or clock leap detected (housekeeper delta=30m33s106ms).
2025-11-10T07:55:22.140+01:00  WARN 97821 --- [order] [HikariPool-1:housekeeper] com.zaxxer.hikari.pool.HikariPool        : HikariPool-1 - Thread starvation or clock leap detected (housekeeper delta=44m26s101ms).
2025-11-10T08:10:38.172+01:00  INFO 97821 --- [order] [AsyncResolver-bootstrap-executor-%d] c.n.d.s.r.aws.ConfigClusterResolver      : Resolving eureka endpoints via configuration
2025-11-10T08:25:53.531+01:00  INFO 97821 --- [order] [DiscoveryClient-HeartbeatExecutor-%d] com.netflix.discovery.DiscoveryClient    : DiscoveryClient_ORDER/192.168.100.53:order:9092 - Re-registering apps/ORDER
2025-11-10T08:25:53.532+01:00  INFO 97821 --- [order] [DiscoveryClient-HeartbeatExecutor-%d] com.netflix.discovery.DiscoveryClient    : DiscoveryClient_ORDER/192.168.100.53:order:9092: registering service...
2025-11-10T08:25:53.545+01:00  INFO 97821 --- [order] [DiscoveryClient-HeartbeatExecutor-%d] com.netflix.discovery.DiscoveryClient    : DiscoveryClient_ORDER/192.168.100.53:order:9092 - registration status: 204
2025-11-10T08:25:55.295+01:00  WARN 97821 --- [order] [HikariPool-1:housekeeper] com.zaxxer.hikari.pool.HikariPool        : HikariPool-1 - Thread starvation or clock leap detected (housekeeper delta=30m33s157ms).
2025-11-10T08:56:28.399+01:00  WARN 97821 --- [order] [HikariPool-1:housekeeper] com.zaxxer.hikari.pool.HikariPool        : HikariPool-1 - Thread starvation or clock leap detected (housekeeper delta=30m33s104ms).
2025-11-10T09:26:01.841+01:00  WARN 97821 --- [order] [HikariPool-1:housekeeper] com.zaxxer.hikari.pool.HikariPool        : HikariPool-1 - Thread starvation or clock leap detected (housekeeper delta=29m33s441ms).
2025-11-10T09:56:35.306+01:00  WARN 97821 --- [order] [HikariPool-1:housekeeper] com.zaxxer.hikari.pool.HikariPool        : HikariPool-1 - Thread starvation or clock leap detected (housekeeper delta=30m33s465ms).
2025-11-10T10:42:10.458+01:00  WARN 97821 --- [order] [HikariPool-1:housekeeper] com.zaxxer.hikari.pool.HikariPool        : HikariPool-1 - Thread starvation or clock leap detected (housekeeper delta=45m35s141ms).
2025-11-10T10:42:10.521+01:00  INFO 97821 --- [order] [DiscoveryClient-HeartbeatExecutor-%d] com.netflix.discovery.DiscoveryClient    : DiscoveryClient_ORDER/192.168.100.53:order:9092 - Re-registering apps/ORDER
2025-11-10T10:42:10.522+01:00  INFO 97821 --- [order] [DiscoveryClient-HeartbeatExecutor-%d] com.netflix.discovery.DiscoveryClient    : DiscoveryClient_ORDER/192.168.100.53:order:9092: registering service...
2025-11-10T10:42:10.585+01:00  INFO 97821 --- [order] [DiscoveryClient-HeartbeatExecutor-%d] com.netflix.discovery.DiscoveryClient    : DiscoveryClient_ORDER/192.168.100.53:order:9092 - registration status: 204
2025-11-10T11:27:45.366+01:00  WARN 97821 --- [order] [HikariPool-1:housekeeper] com.zaxxer.hikari.pool.HikariPool        : HikariPool-1 - Thread starvation or clock leap detected (housekeeper delta=45m34s918ms).
2025-11-10T11:58:18.868+01:00  WARN 97821 --- [order] [HikariPool-1:housekeeper] com.zaxxer.hikari.pool.HikariPool        : HikariPool-1 - Thread starvation or clock leap detected (housekeeper delta=30m33s497ms).
2025-11-10T12:28:42.452+01:00  WARN 97821 --- [order] [HikariPool-1:housekeeper] com.zaxxer.hikari.pool.HikariPool        : HikariPool-1 - Thread starvation or clock leap detected (housekeeper delta=30m23s580ms).
2025-11-10T12:39:33.405+01:00  WARN 97821 --- [order] [HikariPool-1:housekeeper] com.zaxxer.hikari.pool.HikariPool        : HikariPool-1 - Thread starvation or clock leap detected (housekeeper delta=10m50s956ms).
2025-11-10T12:40:17.466+01:00  INFO 97821 --- [order] [AsyncResolver-bootstrap-executor-%d] c.n.d.s.r.aws.ConfigClusterResolver      : Resolving eureka endpoints via configuration
2025-11-10T12:43:46.613+01:00  WARN 97821 --- [order] [HikariPool-1:housekeeper] com.zaxxer.hikari.pool.HikariPool        : HikariPool-1 - Thread starvation or clock leap detected (housekeeper delta=2m43s146ms).
2025-11-10T12:47:30.617+01:00  INFO 97821 --- [order] [AsyncResolver-bootstrap-executor-%d] c.n.d.s.r.aws.ConfigClusterResolver      : Resolving eureka endpoints via configuration
2025-11-10T12:52:30.653+01:00  INFO 97821 --- [order] [AsyncResolver-bootstrap-executor-%d] c.n.d.s.r.aws.ConfigClusterResolver      : Resolving eureka endpoints via configuration
2025-11-10T12:57:30.699+01:00  INFO 97821 --- [order] [AsyncResolver-bootstrap-executor-%d] c.n.d.s.r.aws.ConfigClusterResolver      : Resolving eureka endpoints via configuration
2025-11-10T13:02:30.752+01:00  INFO 97821 --- [order] [AsyncResolver-bootstrap-executor-%d] c.n.d.s.r.aws.ConfigClusterResolver      : Resolving eureka endpoints via configuration
2025-11-10T13:07:30.771+01:00  INFO 97821 --- [order] [AsyncResolver-bootstrap-executor-%d] c.n.d.s.r.aws.ConfigClusterResolver      : Resolving eureka endpoints via configuration
2025-11-10T13:12:30.794+01:00  INFO 97821 --- [order] [AsyncResolver-bootstrap-executor-%d] c.n.d.s.r.aws.ConfigClusterResolver      : Resolving eureka endpoints via configuration
2025-11-10T13:17:30.868+01:00  INFO 97821 --- [order] [AsyncResolver-bootstrap-executor-%d] c.n.d.s.r.aws.ConfigClusterResolver      : Resolving eureka endpoints via configuration
2025-11-10T13:22:30.886+01:00  INFO 97821 --- [order] [AsyncResolver-bootstrap-executor-%d] c.n.d.s.r.aws.ConfigClusterResolver      : Resolving eureka endpoints via configuration
2025-11-10T13:27:30.915+01:00  INFO 97821 --- [order] [AsyncResolver-bootstrap-executor-%d] c.n.d.s.r.aws.ConfigClusterResolver      : Resolving eureka endpoints via configuration
2025-11-10T13:32:30.921+01:00  INFO 97821 --- [order] [AsyncResolver-bootstrap-executor-%d] c.n.d.s.r.aws.ConfigClusterResolver      : Resolving eureka endpoints via configuration
2025-11-10T13:37:30.975+01:00  INFO 97821 --- [order] [AsyncResolver-bootstrap-executor-%d] c.n.d.s.r.aws.ConfigClusterResolver      : Resolving eureka endpoints via configuration
2025-11-10T13:42:31.018+01:00  INFO 97821 --- [order] [AsyncResolver-bootstrap-executor-%d] c.n.d.s.r.aws.ConfigClusterResolver      : Resolving eureka endpoints via configuration
2025-11-10T13:47:30.979+01:00  INFO 97821 --- [order] [AsyncResolver-bootstrap-executor-%d] c.n.d.s.r.aws.ConfigClusterResolver      : Resolving eureka endpoints via configuration
2025-11-10T13:52:30.998+01:00  INFO 97821 --- [order] [AsyncResolver-bootstrap-executor-%d] c.n.d.s.r.aws.ConfigClusterResolver      : Resolving eureka endpoints via configuration
2025-11-10T13:57:31.020+01:00  INFO 97821 --- [order] [AsyncResolver-bootstrap-executor-%d] c.n.d.s.r.aws.ConfigClusterResolver      : Resolving eureka endpoints via configuration
2025-11-10T14:02:31.088+01:00  INFO 97821 --- [order] [AsyncResolver-bootstrap-executor-%d] c.n.d.s.r.aws.ConfigClusterResolver      : Resolving eureka endpoints via configuration
2025-11-10T14:07:31.099+01:00  INFO 97821 --- [order] [AsyncResolver-bootstrap-executor-%d] c.n.d.s.r.aws.ConfigClusterResolver      : Resolving eureka endpoints via configuration
2025-11-10T14:12:31.118+01:00  INFO 97821 --- [order] [AsyncResolver-bootstrap-executor-%d] c.n.d.s.r.aws.ConfigClusterResolver      : Resolving eureka endpoints via configuration
2025-11-10T14:17:31.191+01:00  INFO 97821 --- [order] [AsyncResolver-bootstrap-executor-%d] c.n.d.s.r.aws.ConfigClusterResolver      : Resolving eureka endpoints via configuration
2025-11-10T14:22:31.213+01:00  INFO 97821 --- [order] [AsyncResolver-bootstrap-executor-%d] c.n.d.s.r.aws.ConfigClusterResolver      : Resolving eureka endpoints via configuration
2025-11-10T14:27:31.249+01:00  INFO 97821 --- [order] [AsyncResolver-bootstrap-executor-%d] c.n.d.s.r.aws.ConfigClusterResolver      : Resolving eureka endpoints via configuration
2025-11-10T14:32:31.287+01:00  INFO 97821 --- [order] [AsyncResolver-bootstrap-executor-%d] c.n.d.s.r.aws.ConfigClusterResolver      : Resolving eureka endpoints via configuration
2025-11-10T14:37:31.323+01:00  INFO 97821 --- [order] [AsyncResolver-bootstrap-executor-%d] c.n.d.s.r.aws.ConfigClusterResolver      : Resolving eureka endpoints via configuration
2025-11-10T14:42:31.337+01:00  INFO 97821 --- [order] [AsyncResolver-bootstrap-executor-%d] c.n.d.s.r.aws.ConfigClusterResolver      : Resolving eureka endpoints via configuration
2025-11-10T14:47:31.358+01:00  INFO 97821 --- [order] [AsyncResolver-bootstrap-executor-%d] c.n.d.s.r.aws.ConfigClusterResolver      : Resolving eureka endpoints via configuration
2025-11-10T14:52:31.404+01:00  INFO 97821 --- [order] [AsyncResolver-bootstrap-executor-%d] c.n.d.s.r.aws.ConfigClusterResolver      : Resolving eureka endpoints via configuration
2025-11-10T14:57:31.441+01:00  INFO 97821 --- [order] [AsyncResolver-bootstrap-executor-%d] c.n.d.s.r.aws.ConfigClusterResolver      : Resolving eureka endpoints via configuration
2025-11-10T15:02:31.459+01:00  INFO 97821 --- [order] [AsyncResolver-bootstrap-executor-%d] c.n.d.s.r.aws.ConfigClusterResolver      : Resolving eureka endpoints via configuration
2025-11-10T15:04:38.818+01:00  INFO 53312 --- [order] [main] com.ecommerce.order.OrderApplication     : Starting OrderApplication using Java 22.0.2 with PID 53312 (/Users/bueze/Desktop/Ecomm/order/target/classes started by bueze in /Users/bueze/Desktop/Ecomm)
2025-11-10T15:04:38.820+01:00  INFO 53312 --- [order] [main] com.ecommerce.order.OrderApplication     : No active profile set, falling back to 1 default profile: "default"
2025-11-10T15:04:38.839+01:00  INFO 53312 --- [order] [main] o.s.c.c.c.ConfigServerConfigDataLoader   : Fetching config from server at : http://localhost:7777
2025-11-10T15:04:38.839+01:00  INFO 53312 --- [order] [main] o.s.c.c.c.ConfigServerConfigDataLoader   : Located environment: name=order, profiles=[default], label=null, version=null, state=null
2025-11-10T15:04:39.607+01:00  INFO 53312 --- [order] [main] .s.d.r.c.RepositoryConfigurationDelegate : Bootstrapping Spring Data JPA repositories in DEFAULT mode.
2025-11-10T15:04:39.742+01:00  INFO 53312 --- [order] [main] .s.d.r.c.RepositoryConfigurationDelegate : Finished Spring Data repository scanning in 124 ms. Found 2 JPA repository interfaces.
2025-11-10T15:04:39.935+01:00  INFO 53312 --- [order] [main] faultConfiguringBeanFactoryPostProcessor : No bean named 'errorChannel' has been explicitly defined. Therefore, a default PublishSubscribeChannel will be created.
2025-11-10T15:04:39.940+01:00  INFO 53312 --- [order] [main] faultConfiguringBeanFactoryPostProcessor : No bean named 'integrationHeaderChannelRegistry' has been explicitly defined. Therefore, a default DefaultHeaderChannelRegistry will be created.
2025-11-10T15:04:40.014+01:00  INFO 53312 --- [order] [main] o.s.cloud.context.scope.GenericScope     : BeanFactory id=7b791a4b-17aa-3ade-a053-c43b27064920
2025-11-10T15:04:40.298+01:00  INFO 53312 --- [order] [main] o.s.b.w.embedded.tomcat.TomcatWebServer  : Tomcat initialized with port 9092 (http)
2025-11-10T15:04:40.308+01:00  INFO 53312 --- [order] [main] o.apache.catalina.core.StandardService   : Starting service [Tomcat]
2025-11-10T15:04:40.308+01:00  INFO 53312 --- [order] [main] o.apache.catalina.core.StandardEngine    : Starting Servlet engine: [Apache Tomcat/10.1.46]
2025-11-10T15:04:40.340+01:00  INFO 53312 --- [order] [main] o.a.c.c.C.[Tomcat].[localhost].[/]       : Initializing Spring embedded WebApplicationContext
2025-11-10T15:04:40.340+01:00  INFO 53312 --- [order] [main] w.s.c.ServletWebServerApplicationContext : Root WebApplicationContext: initialization completed in 1500 ms
2025-11-10T15:04:40.545+01:00  INFO 53312 --- [order] [main] o.hibernate.jpa.internal.util.LogHelper  : HHH000204: Processing PersistenceUnitInfo [name: default]
2025-11-10T15:04:40.577+01:00  INFO 53312 --- [order] [main] org.hibernate.Version                    : HHH000412: Hibernate ORM core version 6.6.29.Final
2025-11-10T15:04:40.601+01:00  INFO 53312 --- [order] [main] o.h.c.internal.RegionFactoryInitiator    : HHH000026: Second-level cache disabled
2025-11-10T15:04:40.801+01:00  INFO 53312 --- [order] [main] o.s.o.j.p.SpringPersistenceUnitInfo      : No LoadTimeWeaver setup: ignoring JPA class transformer
2025-11-10T15:04:40.825+01:00  INFO 53312 --- [order] [main] com.zaxxer.hikari.HikariDataSource       : HikariPool-1 - Starting...
2025-11-10T15:04:41.035+01:00  INFO 53312 --- [order] [main] com.zaxxer.hikari.pool.HikariPool        : HikariPool-1 - Added connection org.postgresql.jdbc.PgConnection@2178d296
2025-11-10T15:04:41.036+01:00  INFO 53312 --- [order] [main] com.zaxxer.hikari.HikariDataSource       : HikariPool-1 - Start completed.
2025-11-10T15:04:41.106+01:00  WARN 53312 --- [order] [main] org.hibernate.orm.deprecation            : HHH90000025: PostgreSQLDialect does not need to be specified explicitly using 'hibernate.dialect' (remove the property setting and it will be selected by default)
2025-11-10T15:04:41.121+01:00  INFO 53312 --- [order] [main] org.hibernate.orm.connections.pooling    : HHH10001005: Database info:
	Database JDBC URL [Connecting through datasource 'HikariDataSource (HikariPool-1)']
	Database driver: undefined/unknown
	Database version: 18.0
	Autocommit mode: undefined/unknown
	Isolation level: undefined/unknown
	Minimum pool size: undefined/unknown
	Maximum pool size: undefined/unknown
2025-11-10T15:04:41.856+01:00  INFO 53312 --- [order] [main] o.h.e.t.j.p.i.JtaPlatformInitiator       : HHH000489: No JTA platform available (set 'hibernate.transaction.jta.platform' to enable JTA platform integration)
2025-11-10T15:04:42.256+01:00  INFO 53312 --- [order] [main] j.LocalContainerEntityManagerFactoryBean : Initialized JPA EntityManagerFactory for persistence unit 'default'
2025-11-10T15:04:42.666+01:00  WARN 53312 --- [order] [main] JpaBaseConfiguration$JpaWebConfiguration : spring.jpa.open-in-view is enabled by default. Therefore, database queries may be performed during view rendering. Explicitly configure spring.jpa.open-in-view to disable this warning
2025-11-10T15:04:43.213+01:00  WARN 53312 --- [order] [main] c.f.c.c.BeanFactoryAwareFunctionRegistry : Failed to locate function 'busConsumer' for function definition 'busConsumer'. Returning null.
2025-11-10T15:04:43.257+01:00  INFO 53312 --- [order] [main] o.s.c.s.m.DirectWithAttributesChannel    : Channel 'order.springCloudBusInput' has 1 subscriber(s).
2025-11-10T15:04:43.423+01:00  INFO 53312 --- [order] [main] DiscoveryClientOptionalArgsConfiguration : Eureka HTTP Client uses RestTemplate.
2025-11-10T15:04:43.451+01:00  WARN 53312 --- [order] [main] iguration$LoadBalancerCaffeineWarnLogger : Spring Cloud LoadBalancer is currently working with the default cache. While this cache implementation is useful for development and tests, it's recommended to use Caffeine cache in production.You can switch to using Caffeine cache, by adding it and org.springframework.cache.caffeine.CaffeineCacheManager to the classpath.
2025-11-10T15:04:43.456+01:00  INFO 53312 --- [order] [main] o.s.b.a.e.web.EndpointLinksResolver      : Exposing 24 endpoints beneath base path '/actuator'
2025-11-10T15:04:43.562+01:00  INFO 53312 --- [order] [main] figuration$IntegrationJmxConfiguration$1 : Registering MessageChannel errorChannel
2025-11-10T15:04:43.571+01:00  INFO 53312 --- [order] [main] figuration$IntegrationJmxConfiguration$1 : Registering MessageChannel springCloudBusInput
2025-11-10T15:04:43.574+01:00  INFO 53312 --- [order] [main] figuration$IntegrationJmxConfiguration$1 : Registering MessageChannel nullChannel
2025-11-10T15:04:43.578+01:00  INFO 53312 --- [order] [main] figuration$IntegrationJmxConfiguration$1 : Registering MessageHandler _org.springframework.integration.errorLogger
2025-11-10T15:04:43.584+01:00  INFO 53312 --- [order] [main] o.s.i.endpoint.EventDrivenConsumer       : Adding {logging-channel-adapter:_org.springframework.integration.errorLogger} as a subscriber to the 'errorChannel' channel
2025-11-10T15:04:43.584+01:00  INFO 53312 --- [order] [main] o.s.i.channel.PublishSubscribeChannel    : Channel 'order.errorChannel' has 1 subscriber(s).
2025-11-10T15:04:43.584+01:00  INFO 53312 --- [order] [main] o.s.i.endpoint.EventDrivenConsumer       : started bean '_org.springframework.integration.errorLogger'
2025-11-10T15:04:43.619+01:00  INFO 53312 --- [order] [main] o.s.c.n.eureka.InstanceInfoFactory       : Setting initial instance status as: STARTING
2025-11-10T15:04:43.635+01:00  INFO 53312 --- [order] [main] com.netflix.discovery.DiscoveryClient    : Initializing Eureka in region us-east-1
2025-11-10T15:04:43.637+01:00  INFO 53312 --- [order] [main] c.n.d.s.r.aws.ConfigClusterResolver      : Resolving eureka endpoints via configuration
2025-11-10T15:04:43.642+01:00  INFO 53312 --- [order] [main] com.netflix.discovery.DiscoveryClient    : Disable delta property : false
2025-11-10T15:04:43.642+01:00  INFO 53312 --- [order] [main] com.netflix.discovery.DiscoveryClient    : Single vip registry refresh property : null
2025-11-10T15:04:43.642+01:00  INFO 53312 --- [order] [main] com.netflix.discovery.DiscoveryClient    : Force full registry fetch : false
2025-11-10T15:04:43.642+01:00  INFO 53312 --- [order] [main] com.netflix.discovery.DiscoveryClient    : Application is null : false
2025-11-10T15:04:43.642+01:00  INFO 53312 --- [order] [main] com.netflix.discovery.DiscoveryClient    : Registered Applications size is zero : true
2025-11-10T15:04:43.642+01:00  INFO 53312 --- [order] [main] com.netflix.discovery.DiscoveryClient    : Application version is -1: true
2025-11-10T15:04:43.642+01:00  INFO 53312 --- [order] [main] com.netflix.discovery.DiscoveryClient    : Getting all instance registry info from the eureka server
2025-11-10T15:04:43.893+01:00  INFO 53312 --- [order] [main] com.netflix.discovery.DiscoveryClient    : The response status is 200
2025-11-10T15:04:43.894+01:00  INFO 53312 --- [order] [main] com.netflix.discovery.DiscoveryClient    : Starting heartbeat executor: renew interval is: 30
2025-11-10T15:04:43.896+01:00  INFO 53312 --- [order] [main] c.n.discovery.InstanceInfoReplicator     : InstanceInfoReplicator onDemand update allowed rate per min is 4
2025-11-10T15:04:43.897+01:00  INFO 53312 --- [order] [main] com.netflix.discovery.DiscoveryClient    : Discovery Client initialized at timestamp 1762783483896 with initial instances count: 0
2025-11-10T15:04:43.899+01:00  INFO 53312 --- [order] [main] o.s.c.n.e.s.EurekaServiceRegistry        : Registering application ORDER with eureka with status UP
2025-11-10T15:04:43.900+01:00  INFO 53312 --- [order] [main] com.netflix.discovery.DiscoveryClient    : Saw local status change event StatusChangeEvent [timestamp=1762783483900, current=UP, previous=STARTING]
2025-11-10T15:04:43.901+01:00  INFO 53312 --- [order] [DiscoveryClient-InstanceInfoReplicator-%d] com.netflix.discovery.DiscoveryClient    : DiscoveryClient_ORDER/192.168.100.53:order:9092: registering service...
2025-11-10T15:04:43.902+01:00  INFO 53312 --- [order] [main] o.s.c.s.binder.DefaultBinderFactory      : Creating binder: rabbit
2025-11-10T15:04:43.902+01:00  INFO 53312 --- [order] [main] o.s.c.s.binder.DefaultBinderFactory      : Constructing binder child context for rabbit
2025-11-10T15:04:43.954+01:00  INFO 53312 --- [order] [main] o.s.c.s.binder.DefaultBinderFactory      : Caching the binder: rabbit
2025-11-10T15:04:43.962+01:00  INFO 53312 --- [order] [main] c.s.b.r.p.RabbitExchangeQueueProvisioner : declaring queue for inbound: springCloudBus.anonymous.YqmhMmxlQuaFlttHxnhPOQ, bound to: springCloudBus
2025-11-10T15:04:43.965+01:00  INFO 53312 --- [order] [main] o.s.a.r.c.CachingConnectionFactory       : Attempting to connect to: [localhost:5672]
2025-11-10T15:04:43.970+01:00  INFO 53312 --- [order] [DiscoveryClient-InstanceInfoReplicator-%d] com.netflix.discovery.DiscoveryClient    : DiscoveryClient_ORDER/192.168.100.53:order:9092 - registration status: 204
2025-11-10T15:04:44.020+01:00  INFO 53312 --- [order] [main] o.s.a.r.c.CachingConnectionFactory       : Created new connection: rabbitConnectionFactory#794a3410:0/SimpleConnection@5fffbcd2 [delegate=amqp://guest@127.0.0.1:5672/, localPort=59474]
2025-11-10T15:04:44.060+01:00  INFO 53312 --- [order] [main] o.s.c.stream.binder.BinderErrorChannel   : Channel 'rabbit-288386775.springCloudBusInput.errors' has 1 subscriber(s).
2025-11-10T15:04:44.060+01:00  INFO 53312 --- [order] [main] o.s.c.stream.binder.BinderErrorChannel   : Channel 'rabbit-288386775.springCloudBusInput.errors' has 2 subscriber(s).
2025-11-10T15:04:44.071+01:00  INFO 53312 --- [order] [main] o.s.i.a.i.AmqpInboundChannelAdapter      : started bean 'inbound.springCloudBus.anonymous.YqmhMmxlQuaFlttHxnhPOQ'
2025-11-10T15:04:44.083+01:00  INFO 53312 --- [order] [main] o.s.b.w.embedded.tomcat.TomcatWebServer  : Tomcat started on port 9092 (http) with context path '/'
2025-11-10T15:04:44.084+01:00  INFO 53312 --- [order] [main] .s.c.n.e.s.EurekaAutoServiceRegistration : Updating port to 9092
2025-11-10T15:04:44.105+01:00  INFO 53312 --- [order] [main] figuration$IntegrationJmxConfiguration$1 : Registering MessageChannel rabbit-288386775.springCloudBusInput.errors
2025-11-10T15:04:44.135+01:00  INFO 53312 --- [order] [main] com.ecommerce.order.OrderApplication     : Started OrderApplication in 6.013 seconds (process running for 6.558)
2025-11-10T15:04:44.285+01:00  INFO 53312 --- [order] [RMI TCP Connection(2)-127.0.0.1] o.a.c.c.C.[Tomcat].[localhost].[/]       : Initializing Spring DispatcherServlet 'dispatcherServlet'
2025-11-10T15:04:44.287+01:00  INFO 53312 --- [order] [RMI TCP Connection(2)-127.0.0.1] o.s.web.servlet.DispatcherServlet        : Initializing Servlet 'dispatcherServlet'
2025-11-10T15:04:44.290+01:00  INFO 53312 --- [order] [RMI TCP Connection(2)-127.0.0.1] o.s.web.servlet.DispatcherServlet        : Completed initialization in 2 ms
2025-11-10T15:05:13.907+01:00  INFO 53312 --- [order] [DiscoveryClient-CacheRefreshExecutor-%d] com.netflix.discovery.DiscoveryClient    : Disable delta property : false
2025-11-10T15:05:13.913+01:00  INFO 53312 --- [order] [DiscoveryClient-CacheRefreshExecutor-%d] com.netflix.discovery.DiscoveryClient    : Single vip registry refresh property : null
2025-11-10T15:05:13.914+01:00  INFO 53312 --- [order] [DiscoveryClient-CacheRefreshExecutor-%d] com.netflix.discovery.DiscoveryClient    : Force full registry fetch : false
2025-11-10T15:05:13.914+01:00  INFO 53312 --- [order] [DiscoveryClient-CacheRefreshExecutor-%d] com.netflix.discovery.DiscoveryClient    : Application is null : false
2025-11-10T15:05:13.914+01:00  INFO 53312 --- [order] [DiscoveryClient-CacheRefreshExecutor-%d] com.netflix.discovery.DiscoveryClient    : Registered Applications size is zero : true
2025-11-10T15:05:13.914+01:00  INFO 53312 --- [order] [DiscoveryClient-CacheRefreshExecutor-%d] com.netflix.discovery.DiscoveryClient    : Application version is -1: false
2025-11-10T15:05:13.914+01:00  INFO 53312 --- [order] [DiscoveryClient-CacheRefreshExecutor-%d] com.netflix.discovery.DiscoveryClient    : Getting all instance registry info from the eureka server
2025-11-10T15:05:14.021+01:00  INFO 53312 --- [order] [DiscoveryClient-CacheRefreshExecutor-%d] com.netflix.discovery.DiscoveryClient    : The response status is 200
2025-11-10T15:09:43.681+01:00  INFO 53312 --- [order] [AsyncResolver-bootstrap-executor-%d] c.n.d.s.r.aws.ConfigClusterResolver      : Resolving eureka endpoints via configuration
2025-11-10T15:14:43.709+01:00  INFO 53312 --- [order] [AsyncResolver-bootstrap-executor-%d] c.n.d.s.r.aws.ConfigClusterResolver      : Resolving eureka endpoints via configuration
2025-11-10T15:19:43.677+01:00  INFO 53312 --- [order] [AsyncResolver-bootstrap-executor-%d] c.n.d.s.r.aws.ConfigClusterResolver      : Resolving eureka endpoints via configuration
