2025-11-10T00:27:40.792+01:00  INFO 97752 --- [user-service] [AsyncResolver-bootstrap-executor-%d] c.n.d.s.r.aws.ConfigClusterResolver      : Resolving eureka endpoints via configuration
2025-11-10T00:32:40.840+01:00  INFO 97752 --- [user-service] [AsyncResolver-bootstrap-executor-%d] c.n.d.s.r.aws.ConfigClusterResolver      : Resolving eureka endpoints via configuration
2025-11-10T00:37:40.901+01:00  INFO 97752 --- [user-service] [AsyncResolver-bootstrap-executor-%d] c.n.d.s.r.aws.ConfigClusterResolver      : Resolving eureka endpoints via configuration
2025-11-10T00:42:40.933+01:00  INFO 97752 --- [user-service] [AsyncResolver-bootstrap-executor-%d] c.n.d.s.r.aws.ConfigClusterResolver      : Resolving eureka endpoints via configuration
2025-11-10T00:47:41.012+01:00  INFO 97752 --- [user-service] [AsyncResolver-bootstrap-executor-%d] c.n.d.s.r.aws.ConfigClusterResolver      : Resolving eureka endpoints via configuration
2025-11-10T00:52:41.046+01:00  INFO 97752 --- [user-service] [AsyncResolver-bootstrap-executor-%d] c.n.d.s.r.aws.ConfigClusterResolver      : Resolving eureka endpoints via configuration
2025-11-10T00:57:41.099+01:00  INFO 97752 --- [user-service] [AsyncResolver-bootstrap-executor-%d] c.n.d.s.r.aws.ConfigClusterResolver      : Resolving eureka endpoints via configuration
2025-11-10T01:02:41.178+01:00  INFO 97752 --- [user-service] [AsyncResolver-bootstrap-executor-%d] c.n.d.s.r.aws.ConfigClusterResolver      : Resolving eureka endpoints via configuration
2025-11-10T01:07:41.218+01:00  INFO 97752 --- [user-service] [AsyncResolver-bootstrap-executor-%d] c.n.d.s.r.aws.ConfigClusterResolver      : Resolving eureka endpoints via configuration
2025-11-10T01:12:41.260+01:00  INFO 97752 --- [user-service] [AsyncResolver-bootstrap-executor-%d] c.n.d.s.r.aws.ConfigClusterResolver      : Resolving eureka endpoints via configuration
2025-11-10T01:17:41.281+01:00  INFO 97752 --- [user-service] [AsyncResolver-bootstrap-executor-%d] c.n.d.s.r.aws.ConfigClusterResolver      : Resolving eureka endpoints via configuration
2025-11-10T01:22:41.327+01:00  INFO 97752 --- [user-service] [AsyncResolver-bootstrap-executor-%d] c.n.d.s.r.aws.ConfigClusterResolver      : Resolving eureka endpoints via configuration
2025-11-10T01:27:41.347+01:00  INFO 97752 --- [user-service] [AsyncResolver-bootstrap-executor-%d] c.n.d.s.r.aws.ConfigClusterResolver      : Resolving eureka endpoints via configuration
2025-11-10T03:45:09.103+01:00  INFO 97752 --- [user-service] [AsyncResolver-bootstrap-executor-%d] c.n.d.s.r.aws.ConfigClusterResolver      : Resolving eureka endpoints via configuration
2025-11-10T04:00:40.878+01:00  INFO 97752 --- [user-service] [DiscoveryClient-HeartbeatExecutor-%d] com.netflix.discovery.DiscoveryClient    : DiscoveryClient_USER-SERVICE/192.168.100.53:user-service:9090 - Re-registering apps/USER-SERVICE
2025-11-10T04:00:40.890+01:00  INFO 97752 --- [user-service] [DiscoveryClient-HeartbeatExecutor-%d] com.netflix.discovery.DiscoveryClient    : DiscoveryClient_USER-SERVICE/192.168.100.53:user-service:9090: registering service...
2025-11-10T04:00:41.101+01:00  INFO 97752 --- [user-service] [DiscoveryClient-HeartbeatExecutor-%d] com.netflix.discovery.DiscoveryClient    : DiscoveryClient_USER-SERVICE/192.168.100.53:user-service:9090 - registration status: 204
2025-11-10T05:54:55.551+01:00  INFO 97752 --- [user-service] [DiscoveryClient-HeartbeatExecutor-%d] com.netflix.discovery.DiscoveryClient    : DiscoveryClient_USER-SERVICE/192.168.100.53:user-service:9090 - Re-registering apps/USER-SERVICE
2025-11-10T05:54:55.556+01:00  INFO 97752 --- [user-service] [DiscoveryClient-HeartbeatExecutor-%d] com.netflix.discovery.DiscoveryClient    : DiscoveryClient_USER-SERVICE/192.168.100.53:user-service:9090: registering service...
2025-11-10T05:54:55.590+01:00  INFO 97752 --- [user-service] [DiscoveryClient-HeartbeatExecutor-%d] com.netflix.discovery.DiscoveryClient    : DiscoveryClient_USER-SERVICE/192.168.100.53:user-service:9090 - registration status: 204
2025-11-10T07:40:15.278+01:00  INFO 97752 --- [user-service] [AsyncResolver-bootstrap-executor-%d] c.n.d.s.r.aws.ConfigClusterResolver      : Resolving eureka endpoints via configuration
2025-11-10T09:26:01.223+01:00  INFO 97752 --- [user-service] [DiscoveryClient-HeartbeatExecutor-%d] com.netflix.discovery.DiscoveryClient    : DiscoveryClient_USER-SERVICE/192.168.100.53:user-service:9090 - Re-registering apps/USER-SERVICE
2025-11-10T09:26:01.225+01:00  INFO 97752 --- [user-service] [DiscoveryClient-HeartbeatExecutor-%d] com.netflix.discovery.DiscoveryClient    : DiscoveryClient_USER-SERVICE/192.168.100.53:user-service:9090: registering service...
2025-11-10T09:26:01.245+01:00  INFO 97752 --- [user-service] [DiscoveryClient-HeartbeatExecutor-%d] com.netflix.discovery.DiscoveryClient    : DiscoveryClient_USER-SERVICE/192.168.100.53:user-service:9090 - registration status: 204
2025-11-10T11:58:19.218+01:00  INFO 97752 --- [user-service] [DiscoveryClient-HeartbeatExecutor-%d] com.netflix.discovery.DiscoveryClient    : DiscoveryClient_USER-SERVICE/192.168.100.53:user-service:9090 - Re-registering apps/USER-SERVICE
2025-11-10T11:58:19.226+01:00  INFO 97752 --- [user-service] [DiscoveryClient-HeartbeatExecutor-%d] com.netflix.discovery.DiscoveryClient    : DiscoveryClient_USER-SERVICE/192.168.100.53:user-service:9090: registering service...
2025-11-10T11:58:19.295+01:00  INFO 97752 --- [user-service] [DiscoveryClient-HeartbeatExecutor-%d] com.netflix.discovery.DiscoveryClient    : DiscoveryClient_USER-SERVICE/192.168.100.53:user-service:9090 - registration status: 204
2025-11-10T12:39:35.255+01:00  INFO 97752 --- [user-service] [DiscoveryClient-HeartbeatExecutor-%d] com.netflix.discovery.DiscoveryClient    : DiscoveryClient_USER-SERVICE/192.168.100.53:user-service:9090 - Re-registering apps/USER-SERVICE
2025-11-10T12:39:35.265+01:00  INFO 97752 --- [user-service] [DiscoveryClient-HeartbeatExecutor-%d] com.netflix.discovery.DiscoveryClient    : DiscoveryClient_USER-SERVICE/192.168.100.53:user-service:9090: registering service...
2025-11-10T12:39:35.543+01:00  INFO 97752 --- [user-service] [DiscoveryClient-HeartbeatExecutor-%d] com.netflix.discovery.DiscoveryClient    : DiscoveryClient_USER-SERVICE/192.168.100.53:user-service:9090 - registration status: 204
2025-11-10T12:39:58.072+01:00  INFO 97752 --- [user-service] [AsyncResolver-bootstrap-executor-%d] c.n.d.s.r.aws.ConfigClusterResolver      : Resolving eureka endpoints via configuration
2025-11-10T12:47:11.216+01:00  INFO 97752 --- [user-service] [AsyncResolver-bootstrap-executor-%d] c.n.d.s.r.aws.ConfigClusterResolver      : Resolving eureka endpoints via configuration
2025-11-10T12:52:11.250+01:00  INFO 97752 --- [user-service] [AsyncResolver-bootstrap-executor-%d] c.n.d.s.r.aws.ConfigClusterResolver      : Resolving eureka endpoints via configuration
2025-11-10T12:57:11.278+01:00  INFO 97752 --- [user-service] [AsyncResolver-bootstrap-executor-%d] c.n.d.s.r.aws.ConfigClusterResolver      : Resolving eureka endpoints via configuration
2025-11-10T13:02:11.339+01:00  INFO 97752 --- [user-service] [AsyncResolver-bootstrap-executor-%d] c.n.d.s.r.aws.ConfigClusterResolver      : Resolving eureka endpoints via configuration
2025-11-10T13:07:11.369+01:00  INFO 97752 --- [user-service] [AsyncResolver-bootstrap-executor-%d] c.n.d.s.r.aws.ConfigClusterResolver      : Resolving eureka endpoints via configuration
2025-11-10T13:12:11.397+01:00  INFO 97752 --- [user-service] [AsyncResolver-bootstrap-executor-%d] c.n.d.s.r.aws.ConfigClusterResolver      : Resolving eureka endpoints via configuration
2025-11-10T13:17:11.457+01:00  INFO 97752 --- [user-service] [AsyncResolver-bootstrap-executor-%d] c.n.d.s.r.aws.ConfigClusterResolver      : Resolving eureka endpoints via configuration
2025-11-10T13:22:11.471+01:00  INFO 97752 --- [user-service] [AsyncResolver-bootstrap-executor-%d] c.n.d.s.r.aws.ConfigClusterResolver      : Resolving eureka endpoints via configuration
2025-11-10T13:27:11.489+01:00  INFO 97752 --- [user-service] [AsyncResolver-bootstrap-executor-%d] c.n.d.s.r.aws.ConfigClusterResolver      : Resolving eureka endpoints via configuration
2025-11-10T13:32:11.489+01:00  INFO 97752 --- [user-service] [AsyncResolver-bootstrap-executor-%d] c.n.d.s.r.aws.ConfigClusterResolver      : Resolving eureka endpoints via configuration
2025-11-10T13:37:11.531+01:00  INFO 97752 --- [user-service] [AsyncResolver-bootstrap-executor-%d] c.n.d.s.r.aws.ConfigClusterResolver      : Resolving eureka endpoints via configuration
2025-11-10T13:42:11.559+01:00  INFO 97752 --- [user-service] [AsyncResolver-bootstrap-executor-%d] c.n.d.s.r.aws.ConfigClusterResolver      : Resolving eureka endpoints via configuration
2025-11-10T13:47:11.539+01:00  INFO 97752 --- [user-service] [AsyncResolver-bootstrap-executor-%d] c.n.d.s.r.aws.ConfigClusterResolver      : Resolving eureka endpoints via configuration
2025-11-10T13:52:11.570+01:00  INFO 97752 --- [user-service] [AsyncResolver-bootstrap-executor-%d] c.n.d.s.r.aws.ConfigClusterResolver      : Resolving eureka endpoints via configuration
2025-11-10T13:57:11.596+01:00  INFO 97752 --- [user-service] [AsyncResolver-bootstrap-executor-%d] c.n.d.s.r.aws.ConfigClusterResolver      : Resolving eureka endpoints via configuration
2025-11-10T14:02:11.703+01:00  INFO 97752 --- [user-service] [AsyncResolver-bootstrap-executor-%d] c.n.d.s.r.aws.ConfigClusterResolver      : Resolving eureka endpoints via configuration
2025-11-10T14:07:11.720+01:00  INFO 97752 --- [user-service] [AsyncResolver-bootstrap-executor-%d] c.n.d.s.r.aws.ConfigClusterResolver      : Resolving eureka endpoints via configuration
2025-11-10T14:12:11.741+01:00  INFO 97752 --- [user-service] [AsyncResolver-bootstrap-executor-%d] c.n.d.s.r.aws.ConfigClusterResolver      : Resolving eureka endpoints via configuration
2025-11-10T14:17:11.804+01:00  INFO 97752 --- [user-service] [AsyncResolver-bootstrap-executor-%d] c.n.d.s.r.aws.ConfigClusterResolver      : Resolving eureka endpoints via configuration
2025-11-10T14:22:11.833+01:00  INFO 97752 --- [user-service] [AsyncResolver-bootstrap-executor-%d] c.n.d.s.r.aws.ConfigClusterResolver      : Resolving eureka endpoints via configuration
2025-11-10T14:27:11.863+01:00  INFO 97752 --- [user-service] [AsyncResolver-bootstrap-executor-%d] c.n.d.s.r.aws.ConfigClusterResolver      : Resolving eureka endpoints via configuration
2025-11-10T14:32:11.902+01:00  INFO 97752 --- [user-service] [AsyncResolver-bootstrap-executor-%d] c.n.d.s.r.aws.ConfigClusterResolver      : Resolving eureka endpoints via configuration
2025-11-10T14:37:11.912+01:00  INFO 97752 --- [user-service] [AsyncResolver-bootstrap-executor-%d] c.n.d.s.r.aws.ConfigClusterResolver      : Resolving eureka endpoints via configuration
2025-11-10T14:42:11.930+01:00  INFO 97752 --- [user-service] [AsyncResolver-bootstrap-executor-%d] c.n.d.s.r.aws.ConfigClusterResolver      : Resolving eureka endpoints via configuration
2025-11-10T14:47:11.964+01:00  INFO 97752 --- [user-service] [AsyncResolver-bootstrap-executor-%d] c.n.d.s.r.aws.ConfigClusterResolver      : Resolving eureka endpoints via configuration
2025-11-10T14:52:11.984+01:00  INFO 97752 --- [user-service] [AsyncResolver-bootstrap-executor-%d] c.n.d.s.r.aws.ConfigClusterResolver      : Resolving eureka endpoints via configuration
2025-11-10T14:57:12.010+01:00  INFO 97752 --- [user-service] [AsyncResolver-bootstrap-executor-%d] c.n.d.s.r.aws.ConfigClusterResolver      : Resolving eureka endpoints via configuration
2025-11-10T15:02:12.066+01:00  INFO 97752 --- [user-service] [AsyncResolver-bootstrap-executor-%d] c.n.d.s.r.aws.ConfigClusterResolver      : Resolving eureka endpoints via configuration
2025-11-10T15:04:42.513+01:00  INFO 53333 --- [user-service] [restartedMain] com.ecommerce.user.UserApplication       : Starting UserApplication using Java 22.0.2 with PID 53333 (/Users/bueze/Desktop/Ecomm/user/target/classes started by bueze in /Users/bueze/Desktop/Ecomm)
2025-11-10T15:04:42.515+01:00  INFO 53333 --- [user-service] [restartedMain] com.ecommerce.user.UserApplication       : No active profile set, falling back to 1 default profile: "default"
2025-11-10T15:04:42.536+01:00  INFO 53333 --- [user-service] [restartedMain] o.s.c.c.c.ConfigServerConfigDataLoader   : Fetching config from server at : http://localhost:7777
2025-11-10T15:04:42.536+01:00  INFO 53333 --- [user-service] [restartedMain] o.s.c.c.c.ConfigServerConfigDataLoader   : Located environment: name=user-service, profiles=[default], label=null, version=null, state=null
2025-11-10T15:04:42.537+01:00  INFO 53333 --- [user-service] [restartedMain] .e.DevToolsPropertyDefaultsPostProcessor : Devtools property defaults active! Set 'spring.devtools.add-properties' to 'false' to disable
2025-11-10T15:04:42.537+01:00  INFO 53333 --- [user-service] [restartedMain] .e.DevToolsPropertyDefaultsPostProcessor : For additional web related logging consider setting the 'logging.level.web' property to 'DEBUG'
2025-11-10T15:04:43.198+01:00  INFO 53333 --- [user-service] [restartedMain] .s.d.r.c.RepositoryConfigurationDelegate : Bootstrapping Spring Data MongoDB repositories in DEFAULT mode.
2025-11-10T15:04:43.263+01:00  INFO 53333 --- [user-service] [restartedMain] .s.d.r.c.RepositoryConfigurationDelegate : Finished Spring Data repository scanning in 62 ms. Found 1 MongoDB repository interface.
2025-11-10T15:04:43.371+01:00  INFO 53333 --- [user-service] [restartedMain] faultConfiguringBeanFactoryPostProcessor : No bean named 'errorChannel' has been explicitly defined. Therefore, a default PublishSubscribeChannel will be created.
2025-11-10T15:04:43.375+01:00  INFO 53333 --- [user-service] [restartedMain] faultConfiguringBeanFactoryPostProcessor : No bean named 'integrationHeaderChannelRegistry' has been explicitly defined. Therefore, a default DefaultHeaderChannelRegistry will be created.
2025-11-10T15:04:43.428+01:00  INFO 53333 --- [user-service] [restartedMain] o.s.cloud.context.scope.GenericScope     : BeanFactory id=cc781187-fb3f-3934-b7ee-dbb9c2f83ca6
2025-11-10T15:04:43.687+01:00  INFO 53333 --- [user-service] [restartedMain] o.s.b.w.embedded.tomcat.TomcatWebServer  : Tomcat initialized with port 9090 (http)
2025-11-10T15:04:43.695+01:00  INFO 53333 --- [user-service] [restartedMain] o.apache.catalina.core.StandardService   : Starting service [Tomcat]
2025-11-10T15:04:43.696+01:00  INFO 53333 --- [user-service] [restartedMain] o.apache.catalina.core.StandardEngine    : Starting Servlet engine: [Apache Tomcat/10.1.46]
2025-11-10T15:04:43.723+01:00  INFO 53333 --- [user-service] [restartedMain] o.a.c.c.C.[Tomcat].[localhost].[/]       : Initializing Spring embedded WebApplicationContext
2025-11-10T15:04:43.723+01:00  INFO 53333 --- [user-service] [restartedMain] w.s.c.ServletWebServerApplicationContext : Root WebApplicationContext: initialization completed in 1185 ms
2025-11-10T15:04:43.980+01:00  INFO 53333 --- [user-service] [restartedMain] org.mongodb.driver.client                : MongoClient with metadata {"driver": {"name": "mongo-java-driver|sync|spring-boot", "version": "5.5.1"}, "os": {"type": "Darwin", "name": "Mac OS X", "architecture": "aarch64", "version": "15.6.1"}, "platform": "Java/Amazon.com Inc./22.0.2+9-FR"} created with settings MongoClientSettings{readPreference=primary, writeConcern=WriteConcern{w=null, wTimeout=null ms, journal=null}, retryWrites=true, retryReads=true, readConcern=ReadConcern{level=null}, credential=null, transportSettings=null, commandListeners=[io.micrometer.core.instrument.binder.mongodb.MongoMetricsCommandListener@2f5f60cf], codecRegistry=ProvidersCodecRegistry{codecProviders=[ValueCodecProvider{}, BsonValueCodecProvider{}, DBRefCodecProvider{}, DBObjectCodecProvider{}, DocumentCodecProvider{}, CollectionCodecProvider{}, IterableCodecProvider{}, MapCodecProvider{}, GeoJsonCodecProvider{}, GridFSFileCodecProvider{}, Jsr310CodecProvider{}, JsonObjectCodecProvider{}, BsonCodecProvider{}, EnumCodecProvider{}, com.mongodb.client.model.mql.ExpressionCodecProvider@7859ab44, com.mongodb.Jep395RecordCodecProvider@261c713e, com.mongodb.KotlinCodecProvider@4c534478]}, loggerSettings=LoggerSettings{maxDocumentLength=1000}, clusterSettings={hosts=[localhost:27017], srvServiceName=mongodb, mode=SINGLE, requiredClusterType=UNKNOWN, requiredReplicaSetName='null', serverSelector='null', clusterListeners='[]', serverSelectionTimeout='30000 ms', localThreshold='15 ms'}, socketSettings=SocketSettings{connectTimeoutMS=10000, readTimeoutMS=0, receiveBufferSize=0, proxySettings=ProxySettings{host=null, port=null, username=null, password=null}}, heartbeatSocketSettings=SocketSettings{connectTimeoutMS=10000, readTimeoutMS=10000, receiveBufferSize=0, proxySettings=ProxySettings{host=null, port=null, username=null, password=null}}, connectionPoolSettings=ConnectionPoolSettings{maxSize=100, minSize=0, maxWaitTimeMS=120000, maxConnectionLifeTimeMS=0, maxConnectionIdleTimeMS=0, maintenanceInitialDelayMS=0, maintenanceFrequencyMS=60000, connectionPoolListeners=[io.micrometer.core.instrument.binder.mongodb.MongoMetricsConnectionPoolListener@185e1c25], maxConnecting=2}, serverSettings=ServerSettings{heartbeatFrequencyMS=10000, minHeartbeatFrequencyMS=500, serverMonitoringMode=AUTO, serverListeners='[]', serverMonitorListeners='[]'}, sslSettings=SslSettings{enabled=false, invalidHostNameAllowed=false, context=null}, applicationName='null', compressorList=[], uuidRepresentation=JAVA_LEGACY, serverApi=null, autoEncryptionSettings=null, dnsClient=null, inetAddressResolver=null, contextProvider=null, timeoutMS=null}
2025-11-10T15:04:43.992+01:00  INFO 53333 --- [user-service] [cluster-ClusterId{value='6911f0fbc15b30c7bc726172', description='null'}-localhost:27017] org.mongodb.driver.cluster               : Monitor thread successfully connected to server with description ServerDescription{address=localhost:27017, type=STANDALONE, cryptd=false, state=CONNECTED, ok=true, minWireVersion=0, maxWireVersion=25, maxDocumentSize=16777216, logicalSessionTimeoutMinutes=30, roundTripTimeNanos=15922458, minRoundTripTimeNanos=0}
2025-11-10T15:04:44.160+01:00  INFO 53333 --- [user-service] [restartedMain] o.s.b.d.a.OptionalLiveReloadServer       : LiveReload server is running on port 35729
2025-11-10T15:04:44.718+01:00  WARN 53333 --- [user-service] [restartedMain] c.f.c.c.BeanFactoryAwareFunctionRegistry : Failed to locate function 'busConsumer' for function definition 'busConsumer'. Returning null.
2025-11-10T15:04:44.812+01:00  INFO 53333 --- [user-service] [restartedMain] o.s.c.s.m.DirectWithAttributesChannel    : Channel 'user-service.springCloudBusInput' has 1 subscriber(s).
2025-11-10T15:04:44.967+01:00  INFO 53333 --- [user-service] [restartedMain] DiscoveryClientOptionalArgsConfiguration : Eureka HTTP Client uses RestTemplate.
2025-11-10T15:04:44.990+01:00  WARN 53333 --- [user-service] [restartedMain] iguration$LoadBalancerCaffeineWarnLogger : Spring Cloud LoadBalancer is currently working with the default cache. While this cache implementation is useful for development and tests, it's recommended to use Caffeine cache in production.You can switch to using Caffeine cache, by adding it and org.springframework.cache.caffeine.CaffeineCacheManager to the classpath.
2025-11-10T15:04:44.995+01:00  INFO 53333 --- [user-service] [restartedMain] o.s.b.a.e.web.EndpointLinksResolver      : Exposing 24 endpoints beneath base path '/actuator'
2025-11-10T15:04:45.073+01:00  INFO 53333 --- [user-service] [restartedMain] figuration$IntegrationJmxConfiguration$1 : Registering MessageChannel errorChannel
2025-11-10T15:04:45.077+01:00  INFO 53333 --- [user-service] [restartedMain] figuration$IntegrationJmxConfiguration$1 : Registering MessageChannel springCloudBusInput
2025-11-10T15:04:45.080+01:00  INFO 53333 --- [user-service] [restartedMain] figuration$IntegrationJmxConfiguration$1 : Registering MessageChannel nullChannel
2025-11-10T15:04:45.083+01:00  INFO 53333 --- [user-service] [restartedMain] figuration$IntegrationJmxConfiguration$1 : Registering MessageHandler _org.springframework.integration.errorLogger
2025-11-10T15:04:45.091+01:00  INFO 53333 --- [user-service] [restartedMain] o.s.i.endpoint.EventDrivenConsumer       : Adding {logging-channel-adapter:_org.springframework.integration.errorLogger} as a subscriber to the 'errorChannel' channel
2025-11-10T15:04:45.091+01:00  INFO 53333 --- [user-service] [restartedMain] o.s.i.channel.PublishSubscribeChannel    : Channel 'user-service.errorChannel' has 1 subscriber(s).
2025-11-10T15:04:45.091+01:00  INFO 53333 --- [user-service] [restartedMain] o.s.i.endpoint.EventDrivenConsumer       : started bean '_org.springframework.integration.errorLogger'
2025-11-10T15:04:45.115+01:00  INFO 53333 --- [user-service] [restartedMain] o.s.c.n.eureka.InstanceInfoFactory       : Setting initial instance status as: STARTING
2025-11-10T15:04:45.128+01:00  INFO 53333 --- [user-service] [restartedMain] com.netflix.discovery.DiscoveryClient    : Initializing Eureka in region us-east-1
2025-11-10T15:04:45.131+01:00  INFO 53333 --- [user-service] [restartedMain] c.n.d.s.r.aws.ConfigClusterResolver      : Resolving eureka endpoints via configuration
2025-11-10T15:04:45.135+01:00  INFO 53333 --- [user-service] [restartedMain] com.netflix.discovery.DiscoveryClient    : Disable delta property : false
2025-11-10T15:04:45.135+01:00  INFO 53333 --- [user-service] [restartedMain] com.netflix.discovery.DiscoveryClient    : Single vip registry refresh property : null
2025-11-10T15:04:45.135+01:00  INFO 53333 --- [user-service] [restartedMain] com.netflix.discovery.DiscoveryClient    : Force full registry fetch : false
2025-11-10T15:04:45.135+01:00  INFO 53333 --- [user-service] [restartedMain] com.netflix.discovery.DiscoveryClient    : Application is null : false
2025-11-10T15:04:45.135+01:00  INFO 53333 --- [user-service] [restartedMain] com.netflix.discovery.DiscoveryClient    : Registered Applications size is zero : true
2025-11-10T15:04:45.135+01:00  INFO 53333 --- [user-service] [restartedMain] com.netflix.discovery.DiscoveryClient    : Application version is -1: true
2025-11-10T15:04:45.135+01:00  INFO 53333 --- [user-service] [restartedMain] com.netflix.discovery.DiscoveryClient    : Getting all instance registry info from the eureka server
2025-11-10T15:04:45.239+01:00  INFO 53333 --- [user-service] [restartedMain] com.netflix.discovery.DiscoveryClient    : The response status is 200
2025-11-10T15:04:45.240+01:00  INFO 53333 --- [user-service] [restartedMain] com.netflix.discovery.DiscoveryClient    : Starting heartbeat executor: renew interval is: 30
2025-11-10T15:04:45.241+01:00  INFO 53333 --- [user-service] [restartedMain] c.n.discovery.InstanceInfoReplicator     : InstanceInfoReplicator onDemand update allowed rate per min is 4
2025-11-10T15:04:45.242+01:00  INFO 53333 --- [user-service] [restartedMain] com.netflix.discovery.DiscoveryClient    : Discovery Client initialized at timestamp 1762783485242 with initial instances count: 0
2025-11-10T15:04:45.244+01:00  INFO 53333 --- [user-service] [restartedMain] o.s.c.n.e.s.EurekaServiceRegistry        : Registering application USER-SERVICE with eureka with status UP
2025-11-10T15:04:45.244+01:00  INFO 53333 --- [user-service] [restartedMain] com.netflix.discovery.DiscoveryClient    : Saw local status change event StatusChangeEvent [timestamp=1762783485244, current=UP, previous=STARTING]
2025-11-10T15:04:45.245+01:00  INFO 53333 --- [user-service] [DiscoveryClient-InstanceInfoReplicator-%d] com.netflix.discovery.DiscoveryClient    : DiscoveryClient_USER-SERVICE/192.168.100.53:user-service:9090: registering service...
2025-11-10T15:04:45.246+01:00  INFO 53333 --- [user-service] [restartedMain] o.s.c.s.binder.DefaultBinderFactory      : Creating binder: rabbit
2025-11-10T15:04:45.246+01:00  INFO 53333 --- [user-service] [restartedMain] o.s.c.s.binder.DefaultBinderFactory      : Constructing binder child context for rabbit
2025-11-10T15:04:45.265+01:00  INFO 53333 --- [user-service] [DiscoveryClient-InstanceInfoReplicator-%d] com.netflix.discovery.DiscoveryClient    : DiscoveryClient_USER-SERVICE/192.168.100.53:user-service:9090 - registration status: 204
2025-11-10T15:04:45.297+01:00  INFO 53333 --- [user-service] [restartedMain] o.s.c.s.binder.DefaultBinderFactory      : Caching the binder: rabbit
2025-11-10T15:04:45.304+01:00  INFO 53333 --- [user-service] [restartedMain] c.s.b.r.p.RabbitExchangeQueueProvisioner : declaring queue for inbound: springCloudBus.anonymous.vz-Ae2xmTte7hHl6Hx0QZA, bound to: springCloudBus
2025-11-10T15:04:45.307+01:00  INFO 53333 --- [user-service] [restartedMain] o.s.a.r.c.CachingConnectionFactory       : Attempting to connect to: [localhost:5672]
2025-11-10T15:04:45.337+01:00  INFO 53333 --- [user-service] [restartedMain] o.s.a.r.c.CachingConnectionFactory       : Created new connection: rabbitConnectionFactory#509dba7b:0/SimpleConnection@6699334c [delegate=amqp://guest@127.0.0.1:5672/, localPort=59485]
2025-11-10T15:04:45.379+01:00  INFO 53333 --- [user-service] [restartedMain] o.s.c.stream.binder.BinderErrorChannel   : Channel 'rabbit-710934084.springCloudBusInput.errors' has 1 subscriber(s).
2025-11-10T15:04:45.380+01:00  INFO 53333 --- [user-service] [restartedMain] o.s.c.stream.binder.BinderErrorChannel   : Channel 'rabbit-710934084.springCloudBusInput.errors' has 2 subscriber(s).
2025-11-10T15:04:45.393+01:00  INFO 53333 --- [user-service] [restartedMain] o.s.i.a.i.AmqpInboundChannelAdapter      : started bean 'inbound.springCloudBus.anonymous.vz-Ae2xmTte7hHl6Hx0QZA'
2025-11-10T15:04:45.408+01:00  INFO 53333 --- [user-service] [restartedMain] o.s.b.w.embedded.tomcat.TomcatWebServer  : Tomcat started on port 9090 (http) with context path '/'
2025-11-10T15:04:45.408+01:00  INFO 53333 --- [user-service] [restartedMain] .s.c.n.e.s.EurekaAutoServiceRegistration : Updating port to 9090
2025-11-10T15:04:45.427+01:00  INFO 53333 --- [user-service] [restartedMain] figuration$IntegrationJmxConfiguration$1 : Registering MessageChannel rabbit-710934084.springCloudBusInput.errors
2025-11-10T15:04:45.443+01:00  INFO 53333 --- [user-service] [restartedMain] com.ecommerce.user.UserApplication       : Started UserApplication in 3.506 seconds (process running for 4.004)
2025-11-10T15:04:45.705+01:00  INFO 53333 --- [user-service] [RMI TCP Connection(3)-127.0.0.1] o.a.c.c.C.[Tomcat].[localhost].[/]       : Initializing Spring DispatcherServlet 'dispatcherServlet'
2025-11-10T15:04:45.705+01:00  INFO 53333 --- [user-service] [RMI TCP Connection(3)-127.0.0.1] o.s.web.servlet.DispatcherServlet        : Initializing Servlet 'dispatcherServlet'
2025-11-10T15:04:45.707+01:00  INFO 53333 --- [user-service] [RMI TCP Connection(3)-127.0.0.1] o.s.web.servlet.DispatcherServlet        : Completed initialization in 2 ms
2025-11-10T15:05:15.248+01:00  INFO 53333 --- [user-service] [DiscoveryClient-CacheRefreshExecutor-%d] com.netflix.discovery.DiscoveryClient    : Disable delta property : false
2025-11-10T15:05:15.257+01:00  INFO 53333 --- [user-service] [DiscoveryClient-CacheRefreshExecutor-%d] com.netflix.discovery.DiscoveryClient    : Single vip registry refresh property : null
2025-11-10T15:05:15.257+01:00  INFO 53333 --- [user-service] [DiscoveryClient-CacheRefreshExecutor-%d] com.netflix.discovery.DiscoveryClient    : Force full registry fetch : false
2025-11-10T15:05:15.257+01:00  INFO 53333 --- [user-service] [DiscoveryClient-CacheRefreshExecutor-%d] com.netflix.discovery.DiscoveryClient    : Application is null : false
2025-11-10T15:05:15.257+01:00  INFO 53333 --- [user-service] [DiscoveryClient-CacheRefreshExecutor-%d] com.netflix.discovery.DiscoveryClient    : Registered Applications size is zero : true
2025-11-10T15:05:15.257+01:00  INFO 53333 --- [user-service] [DiscoveryClient-CacheRefreshExecutor-%d] com.netflix.discovery.DiscoveryClient    : Application version is -1: false
2025-11-10T15:05:15.257+01:00  INFO 53333 --- [user-service] [DiscoveryClient-CacheRefreshExecutor-%d] com.netflix.discovery.DiscoveryClient    : Getting all instance registry info from the eureka server
2025-11-10T15:05:15.346+01:00  INFO 53333 --- [user-service] [DiscoveryClient-CacheRefreshExecutor-%d] com.netflix.discovery.DiscoveryClient    : The response status is 200
2025-11-10T15:09:45.164+01:00  INFO 53333 --- [user-service] [AsyncResolver-bootstrap-executor-%d] c.n.d.s.r.aws.ConfigClusterResolver      : Resolving eureka endpoints via configuration
2025-11-10T15:12:53.306+01:00  INFO 53333 --- [user-service] [File Watcher] rtingClassPathChangeChangedEventListener : Restarting due to 12 class path changes (0 additions, 11 deletions, 1 modification)
2025-11-10T15:12:53.333+01:00  INFO 53333 --- [user-service] [Thread-5] o.s.c.n.e.s.EurekaServiceRegistry        : Unregistering application USER-SERVICE with eureka with status DOWN
2025-11-10T15:12:53.334+01:00  INFO 53333 --- [user-service] [Thread-5] com.netflix.discovery.DiscoveryClient    : Saw local status change event StatusChangeEvent [timestamp=1762783973334, current=DOWN, previous=UP]
2025-11-10T15:12:53.334+01:00  INFO 53333 --- [user-service] [DiscoveryClient-InstanceInfoReplicator-%d] com.netflix.discovery.DiscoveryClient    : DiscoveryClient_USER-SERVICE/192.168.100.53:user-service:9090: registering service...
2025-11-10T15:12:53.382+01:00  INFO 53333 --- [user-service] [DiscoveryClient-InstanceInfoReplicator-%d] com.netflix.discovery.DiscoveryClient    : DiscoveryClient_USER-SERVICE/192.168.100.53:user-service:9090 - registration status: 204
2025-11-10T15:12:53.405+01:00  INFO 53333 --- [user-service] [Thread-5] o.s.b.w.e.tomcat.GracefulShutdown        : Commencing graceful shutdown. Waiting for active requests to complete
2025-11-10T15:12:53.420+01:00  INFO 53333 --- [user-service] [tomcat-shutdown] o.s.b.w.e.tomcat.GracefulShutdown        : Graceful shutdown complete
2025-11-10T15:12:53.642+01:00  INFO 53333 --- [user-service] [Thread-5] o.s.a.r.l.SimpleMessageListenerContainer : Waiting for workers to finish.
2025-11-10T15:12:53.774+01:00  INFO 53333 --- [user-service] [Thread-5] o.s.a.r.l.SimpleMessageListenerContainer : Successfully waited for workers to finish.
2025-11-10T15:12:53.775+01:00  INFO 53333 --- [user-service] [Thread-5] o.s.i.a.i.AmqpInboundChannelAdapter      : stopped bean 'inbound.springCloudBus.anonymous.vz-Ae2xmTte7hHl6Hx0QZA'
2025-11-10T15:12:53.791+01:00  INFO 53333 --- [user-service] [Thread-5] o.s.c.stream.binder.BinderErrorChannel   : Channel 'user-service.rabbit-710934084.springCloudBusInput.errors' has 1 subscriber(s).
2025-11-10T15:12:53.792+01:00  INFO 53333 --- [user-service] [Thread-5] o.s.c.stream.binder.BinderErrorChannel   : Channel 'user-service.rabbit-710934084.springCloudBusInput.errors' has 0 subscriber(s).
2025-11-10T15:12:53.822+01:00  INFO 53333 --- [user-service] [Thread-5] o.s.i.endpoint.EventDrivenConsumer       : Removing {logging-channel-adapter:_org.springframework.integration.errorLogger} as a subscriber to the 'errorChannel' channel
2025-11-10T15:12:53.822+01:00  INFO 53333 --- [user-service] [Thread-5] o.s.i.channel.PublishSubscribeChannel    : Channel 'user-service.errorChannel' has 0 subscriber(s).
2025-11-10T15:12:53.822+01:00  INFO 53333 --- [user-service] [Thread-5] o.s.i.endpoint.EventDrivenConsumer       : stopped bean '_org.springframework.integration.errorLogger'
2025-11-10T15:12:53.845+01:00  INFO 53333 --- [user-service] [Thread-5] com.netflix.discovery.DiscoveryClient    : Shutting down DiscoveryClient ...
2025-11-10T15:12:56.852+01:00  INFO 53333 --- [user-service] [Thread-5] com.netflix.discovery.DiscoveryClient    : Unregistering ...
2025-11-10T15:12:56.891+01:00  INFO 53333 --- [user-service] [Thread-5] com.netflix.discovery.DiscoveryClient    : DiscoveryClient_USER-SERVICE/192.168.100.53:user-service:9090 - deregister  status: 200
2025-11-10T15:12:56.892+01:00  INFO 53333 --- [user-service] [Thread-5] com.netflix.discovery.DiscoveryClient    : Completed shut down of DiscoveryClient
2025-11-10T15:12:57.307+01:00  INFO 53333 --- [user-service] [restartedMain] com.ecommerce.user.UserApplication       : Starting UserApplication using Java 22.0.2 with PID 53333 (/Users/bueze/Desktop/Ecomm/user/target/classes started by bueze in /Users/bueze/Desktop/Ecomm)
2025-11-10T15:12:57.308+01:00  INFO 53333 --- [user-service] [restartedMain] com.ecommerce.user.UserApplication       : No active profile set, falling back to 1 default profile: "default"
2025-11-10T15:12:57.309+01:00  INFO 53333 --- [user-service] [restartedMain] o.s.c.c.c.ConfigServerConfigDataLoader   : Fetching config from server at : http://localhost:7777
2025-11-10T15:12:57.310+01:00  INFO 53333 --- [user-service] [restartedMain] o.s.c.c.c.ConfigServerConfigDataLoader   : Located environment: name=user-service, profiles=[default], label=null, version=null, state=null
2025-11-10T15:12:57.646+01:00  INFO 53333 --- [user-service] [restartedMain] .s.d.r.c.RepositoryConfigurationDelegate : Bootstrapping Spring Data MongoDB repositories in DEFAULT mode.
2025-11-10T15:12:57.650+01:00  INFO 53333 --- [user-service] [restartedMain] .s.d.r.c.RepositoryConfigurationDelegate : Finished Spring Data repository scanning in 2 ms. Found 1 MongoDB repository interface.
2025-11-10T15:12:57.707+01:00  INFO 53333 --- [user-service] [restartedMain] faultConfiguringBeanFactoryPostProcessor : No bean named 'errorChannel' has been explicitly defined. Therefore, a default PublishSubscribeChannel will be created.
2025-11-10T15:12:57.707+01:00  INFO 53333 --- [user-service] [restartedMain] faultConfiguringBeanFactoryPostProcessor : No bean named 'integrationHeaderChannelRegistry' has been explicitly defined. Therefore, a default DefaultHeaderChannelRegistry will be created.
2025-11-10T15:12:57.712+01:00  INFO 53333 --- [user-service] [restartedMain] o.s.cloud.context.scope.GenericScope     : BeanFactory id=cc781187-fb3f-3934-b7ee-dbb9c2f83ca6
2025-11-10T15:12:57.768+01:00  INFO 53333 --- [user-service] [restartedMain] o.s.b.w.embedded.tomcat.TomcatWebServer  : Tomcat initialized with port 9090 (http)
2025-11-10T15:12:57.769+01:00  INFO 53333 --- [user-service] [restartedMain] o.apache.catalina.core.StandardService   : Starting service [Tomcat]
2025-11-10T15:12:57.769+01:00  INFO 53333 --- [user-service] [restartedMain] o.apache.catalina.core.StandardEngine    : Starting Servlet engine: [Apache Tomcat/10.1.46]
2025-11-10T15:12:57.778+01:00  INFO 53333 --- [user-service] [restartedMain] o.a.c.c.C.[Tomcat].[localhost].[/]       : Initializing Spring embedded WebApplicationContext
2025-11-10T15:12:57.778+01:00  INFO 53333 --- [user-service] [restartedMain] w.s.c.ServletWebServerApplicationContext : Root WebApplicationContext: initialization completed in 468 ms
2025-11-10T15:12:57.833+01:00  INFO 53333 --- [user-service] [restartedMain] org.mongodb.driver.client                : MongoClient with metadata {"driver": {"name": "mongo-java-driver|sync|spring-boot", "version": "5.5.1"}, "os": {"type": "Darwin", "name": "Mac OS X", "architecture": "aarch64", "version": "15.6.1"}, "platform": "Java/Amazon.com Inc./22.0.2+9-FR"} created with settings MongoClientSettings{readPreference=primary, writeConcern=WriteConcern{w=null, wTimeout=null ms, journal=null}, retryWrites=true, retryReads=true, readConcern=ReadConcern{level=null}, credential=null, transportSettings=null, commandListeners=[io.micrometer.core.instrument.binder.mongodb.MongoMetricsCommandListener@31bd283e], codecRegistry=ProvidersCodecRegistry{codecProviders=[ValueCodecProvider{}, BsonValueCodecProvider{}, DBRefCodecProvider{}, DBObjectCodecProvider{}, DocumentCodecProvider{}, CollectionCodecProvider{}, IterableCodecProvider{}, MapCodecProvider{}, GeoJsonCodecProvider{}, GridFSFileCodecProvider{}, Jsr310CodecProvider{}, JsonObjectCodecProvider{}, BsonCodecProvider{}, EnumCodecProvider{}, com.mongodb.client.model.mql.ExpressionCodecProvider@7859ab44, com.mongodb.Jep395RecordCodecProvider@261c713e, com.mongodb.KotlinCodecProvider@4c534478]}, loggerSettings=LoggerSettings{maxDocumentLength=1000}, clusterSettings={hosts=[localhost:27017], srvServiceName=mongodb, mode=SINGLE, requiredClusterType=UNKNOWN, requiredReplicaSetName='null', serverSelector='null', clusterListeners='[]', serverSelectionTimeout='30000 ms', localThreshold='15 ms'}, socketSettings=SocketSettings{connectTimeoutMS=10000, readTimeoutMS=0, receiveBufferSize=0, proxySettings=ProxySettings{host=null, port=null, username=null, password=null}}, heartbeatSocketSettings=SocketSettings{connectTimeoutMS=10000, readTimeoutMS=10000, receiveBufferSize=0, proxySettings=ProxySettings{host=null, port=null, username=null, password=null}}, connectionPoolSettings=ConnectionPoolSettings{maxSize=100, minSize=0, maxWaitTimeMS=120000, maxConnectionLifeTimeMS=0, maxConnectionIdleTimeMS=0, maintenanceInitialDelayMS=0, maintenanceFrequencyMS=60000, connectionPoolListeners=[io.micrometer.core.instrument.binder.mongodb.MongoMetricsConnectionPoolListener@6e86d434], maxConnecting=2}, serverSettings=ServerSettings{heartbeatFrequencyMS=10000, minHeartbeatFrequencyMS=500, serverMonitoringMode=AUTO, serverListeners='[]', serverMonitorListeners='[]'}, sslSettings=SslSettings{enabled=false, invalidHostNameAllowed=false, context=null}, applicationName='null', compressorList=[], uuidRepresentation=JAVA_LEGACY, serverApi=null, autoEncryptionSettings=null, dnsClient=null, inetAddressResolver=null, contextProvider=null, timeoutMS=null}
2025-11-10T15:12:57.837+01:00  INFO 53333 --- [user-service] [cluster-ClusterId{value='6911f2e9c15b30c7bc726173', description='null'}-localhost:27017] org.mongodb.driver.cluster               : Monitor thread successfully connected to server with description ServerDescription{address=localhost:27017, type=STANDALONE, cryptd=false, state=CONNECTED, ok=true, minWireVersion=0, maxWireVersion=25, maxDocumentSize=16777216, logicalSessionTimeoutMinutes=30, roundTripTimeNanos=3224709, minRoundTripTimeNanos=0}
2025-11-10T15:12:57.890+01:00  INFO 53333 --- [user-service] [restartedMain] o.s.b.d.a.OptionalLiveReloadServer       : LiveReload server is running on port 35729
2025-11-10T15:12:58.068+01:00  WARN 53333 --- [user-service] [restartedMain] c.f.c.c.BeanFactoryAwareFunctionRegistry : Failed to locate function 'busConsumer' for function definition 'busConsumer'. Returning null.
2025-11-10T15:12:58.080+01:00  INFO 53333 --- [user-service] [restartedMain] o.s.c.s.m.DirectWithAttributesChannel    : Channel 'user-service.springCloudBusInput' has 1 subscriber(s).
2025-11-10T15:12:58.143+01:00  INFO 53333 --- [user-service] [restartedMain] DiscoveryClientOptionalArgsConfiguration : Eureka HTTP Client uses RestTemplate.
2025-11-10T15:12:58.154+01:00  WARN 53333 --- [user-service] [restartedMain] iguration$LoadBalancerCaffeineWarnLogger : Spring Cloud LoadBalancer is currently working with the default cache. While this cache implementation is useful for development and tests, it's recommended to use Caffeine cache in production.You can switch to using Caffeine cache, by adding it and org.springframework.cache.caffeine.CaffeineCacheManager to the classpath.
2025-11-10T15:12:58.157+01:00  INFO 53333 --- [user-service] [restartedMain] o.s.b.a.e.web.EndpointLinksResolver      : Exposing 24 endpoints beneath base path '/actuator'
2025-11-10T15:12:58.196+01:00  INFO 53333 --- [user-service] [restartedMain] figuration$IntegrationJmxConfiguration$1 : Registering MessageChannel errorChannel
2025-11-10T15:12:58.199+01:00  INFO 53333 --- [user-service] [restartedMain] figuration$IntegrationJmxConfiguration$1 : Registering MessageChannel springCloudBusInput
2025-11-10T15:12:58.201+01:00  INFO 53333 --- [user-service] [restartedMain] figuration$IntegrationJmxConfiguration$1 : Registering MessageChannel nullChannel
2025-11-10T15:12:58.203+01:00  INFO 53333 --- [user-service] [restartedMain] figuration$IntegrationJmxConfiguration$1 : Registering MessageHandler _org.springframework.integration.errorLogger
2025-11-10T15:12:58.206+01:00  INFO 53333 --- [user-service] [restartedMain] o.s.i.endpoint.EventDrivenConsumer       : Adding {logging-channel-adapter:_org.springframework.integration.errorLogger} as a subscriber to the 'errorChannel' channel
2025-11-10T15:12:58.206+01:00  INFO 53333 --- [user-service] [restartedMain] o.s.i.channel.PublishSubscribeChannel    : Channel 'user-service.errorChannel' has 1 subscriber(s).
2025-11-10T15:12:58.206+01:00  INFO 53333 --- [user-service] [restartedMain] o.s.i.endpoint.EventDrivenConsumer       : started bean '_org.springframework.integration.errorLogger'
2025-11-10T15:12:58.208+01:00  INFO 53333 --- [user-service] [restartedMain] o.s.c.n.eureka.InstanceInfoFactory       : Setting initial instance status as: STARTING
2025-11-10T15:12:58.210+01:00  INFO 53333 --- [user-service] [restartedMain] com.netflix.discovery.DiscoveryClient    : Initializing Eureka in region us-east-1
2025-11-10T15:12:58.210+01:00  INFO 53333 --- [user-service] [restartedMain] c.n.d.s.r.aws.ConfigClusterResolver      : Resolving eureka endpoints via configuration
2025-11-10T15:12:58.210+01:00  INFO 53333 --- [user-service] [restartedMain] com.netflix.discovery.DiscoveryClient    : Disable delta property : false
2025-11-10T15:12:58.210+01:00  INFO 53333 --- [user-service] [restartedMain] com.netflix.discovery.DiscoveryClient    : Single vip registry refresh property : null
2025-11-10T15:12:58.210+01:00  INFO 53333 --- [user-service] [restartedMain] com.netflix.discovery.DiscoveryClient    : Force full registry fetch : false
2025-11-10T15:12:58.210+01:00  INFO 53333 --- [user-service] [restartedMain] com.netflix.discovery.DiscoveryClient    : Application is null : false
2025-11-10T15:12:58.210+01:00  INFO 53333 --- [user-service] [restartedMain] com.netflix.discovery.DiscoveryClient    : Registered Applications size is zero : true
2025-11-10T15:12:58.210+01:00  INFO 53333 --- [user-service] [restartedMain] com.netflix.discovery.DiscoveryClient    : Application version is -1: true
2025-11-10T15:12:58.210+01:00  INFO 53333 --- [user-service] [restartedMain] com.netflix.discovery.DiscoveryClient    : Getting all instance registry info from the eureka server
2025-11-10T15:12:58.228+01:00  INFO 53333 --- [user-service] [restartedMain] com.netflix.discovery.DiscoveryClient    : The response status is 200
2025-11-10T15:12:58.228+01:00  INFO 53333 --- [user-service] [restartedMain] com.netflix.discovery.DiscoveryClient    : Starting heartbeat executor: renew interval is: 30
2025-11-10T15:12:58.228+01:00  INFO 53333 --- [user-service] [restartedMain] c.n.discovery.InstanceInfoReplicator     : InstanceInfoReplicator onDemand update allowed rate per min is 4
2025-11-10T15:12:58.228+01:00  INFO 53333 --- [user-service] [restartedMain] com.netflix.discovery.DiscoveryClient    : Discovery Client initialized at timestamp 1762783978228 with initial instances count: 3
2025-11-10T15:12:58.229+01:00  INFO 53333 --- [user-service] [restartedMain] o.s.c.n.e.s.EurekaServiceRegistry        : Registering application USER-SERVICE with eureka with status UP
2025-11-10T15:12:58.229+01:00  INFO 53333 --- [user-service] [restartedMain] com.netflix.discovery.DiscoveryClient    : Saw local status change event StatusChangeEvent [timestamp=1762783978229, current=UP, previous=STARTING]
2025-11-10T15:12:58.230+01:00  INFO 53333 --- [user-service] [DiscoveryClient-InstanceInfoReplicator-%d] com.netflix.discovery.DiscoveryClient    : DiscoveryClient_USER-SERVICE/192.168.100.53:user-service:9090: registering service...
2025-11-10T15:12:58.230+01:00  INFO 53333 --- [user-service] [restartedMain] o.s.c.s.binder.DefaultBinderFactory      : Creating binder: rabbit
2025-11-10T15:12:58.230+01:00  INFO 53333 --- [user-service] [restartedMain] o.s.c.s.binder.DefaultBinderFactory      : Constructing binder child context for rabbit
2025-11-10T15:12:58.237+01:00  INFO 53333 --- [user-service] [DiscoveryClient-InstanceInfoReplicator-%d] com.netflix.discovery.DiscoveryClient    : DiscoveryClient_USER-SERVICE/192.168.100.53:user-service:9090 - registration status: 204
2025-11-10T15:12:58.250+01:00  INFO 53333 --- [user-service] [restartedMain] o.s.c.s.binder.DefaultBinderFactory      : Caching the binder: rabbit
2025-11-10T15:12:58.253+01:00  INFO 53333 --- [user-service] [restartedMain] c.s.b.r.p.RabbitExchangeQueueProvisioner : declaring queue for inbound: springCloudBus.anonymous.3ar7yCh1SVKWVqvVgw7thg, bound to: springCloudBus
2025-11-10T15:12:58.253+01:00  INFO 53333 --- [user-service] [restartedMain] o.s.a.r.c.CachingConnectionFactory       : Attempting to connect to: [localhost:5672]
2025-11-10T15:12:58.398+01:00  INFO 53333 --- [user-service] [restartedMain] o.s.a.r.c.CachingConnectionFactory       : Created new connection: rabbitConnectionFactory#7a289372:0/SimpleConnection@2b879186 [delegate=amqp://guest@127.0.0.1:5672/, localPort=59843]
2025-11-10T15:12:58.431+01:00  INFO 53333 --- [user-service] [restartedMain] o.s.c.stream.binder.BinderErrorChannel   : Channel 'rabbit-1765175218.springCloudBusInput.errors' has 1 subscriber(s).
2025-11-10T15:12:58.431+01:00  INFO 53333 --- [user-service] [restartedMain] o.s.c.stream.binder.BinderErrorChannel   : Channel 'rabbit-1765175218.springCloudBusInput.errors' has 2 subscriber(s).
2025-11-10T15:12:58.435+01:00  INFO 53333 --- [user-service] [restartedMain] o.s.i.a.i.AmqpInboundChannelAdapter      : started bean 'inbound.springCloudBus.anonymous.3ar7yCh1SVKWVqvVgw7thg'
2025-11-10T15:12:58.437+01:00  INFO 53333 --- [user-service] [restartedMain] o.s.b.w.embedded.tomcat.TomcatWebServer  : Tomcat started on port 9090 (http) with context path '/'
2025-11-10T15:12:58.437+01:00  INFO 53333 --- [user-service] [restartedMain] .s.c.n.e.s.EurekaAutoServiceRegistration : Updating port to 9090
2025-11-10T15:12:58.451+01:00  INFO 53333 --- [user-service] [restartedMain] figuration$IntegrationJmxConfiguration$1 : Registering MessageChannel rabbit-1765175218.springCloudBusInput.errors
2025-11-10T15:12:58.457+01:00  INFO 53333 --- [user-service] [restartedMain] com.ecommerce.user.UserApplication       : Started UserApplication in 1.439 seconds (process running for 497.014)
2025-11-10T15:12:58.459+01:00  INFO 53333 --- [user-service] [restartedMain] .ConditionEvaluationDeltaLoggingListener : Condition evaluation unchanged
2025-11-10T15:12:59.549+01:00  INFO 53333 --- [user-service] [File Watcher] rtingClassPathChangeChangedEventListener : Restarting due to 11 class path changes (11 additions, 0 deletions, 0 modifications)
2025-11-10T15:12:59.549+01:00  INFO 53333 --- [user-service] [Thread-9] o.s.c.n.e.s.EurekaServiceRegistry        : Unregistering application USER-SERVICE with eureka with status DOWN
2025-11-10T15:12:59.549+01:00  INFO 53333 --- [user-service] [Thread-9] com.netflix.discovery.DiscoveryClient    : Saw local status change event StatusChangeEvent [timestamp=1762783979549, current=DOWN, previous=UP]
2025-11-10T15:12:59.550+01:00  INFO 53333 --- [user-service] [DiscoveryClient-InstanceInfoReplicator-%d] com.netflix.discovery.DiscoveryClient    : DiscoveryClient_USER-SERVICE/192.168.100.53:user-service:9090: registering service...
2025-11-10T15:12:59.550+01:00  INFO 53333 --- [user-service] [Thread-9] o.s.b.w.e.tomcat.GracefulShutdown        : Commencing graceful shutdown. Waiting for active requests to complete
2025-11-10T15:12:59.552+01:00  INFO 53333 --- [user-service] [tomcat-shutdown] o.s.b.w.e.tomcat.GracefulShutdown        : Graceful shutdown complete
2025-11-10T15:12:59.553+01:00  INFO 53333 --- [user-service] [DiscoveryClient-InstanceInfoReplicator-%d] com.netflix.discovery.DiscoveryClient    : DiscoveryClient_USER-SERVICE/192.168.100.53:user-service:9090 - registration status: 204
2025-11-10T15:12:59.562+01:00  INFO 53333 --- [user-service] [Thread-9] o.s.a.r.l.SimpleMessageListenerContainer : Waiting for workers to finish.
2025-11-10T15:13:00.444+01:00  INFO 53333 --- [user-service] [Thread-9] o.s.a.r.l.SimpleMessageListenerContainer : Successfully waited for workers to finish.
2025-11-10T15:13:00.445+01:00  INFO 53333 --- [user-service] [Thread-9] o.s.i.a.i.AmqpInboundChannelAdapter      : stopped bean 'inbound.springCloudBus.anonymous.3ar7yCh1SVKWVqvVgw7thg'
2025-11-10T15:13:00.449+01:00  INFO 53333 --- [user-service] [Thread-9] o.s.c.stream.binder.BinderErrorChannel   : Channel 'user-service.rabbit-1765175218.springCloudBusInput.errors' has 1 subscriber(s).
2025-11-10T15:13:00.450+01:00  INFO 53333 --- [user-service] [Thread-9] o.s.c.stream.binder.BinderErrorChannel   : Channel 'user-service.rabbit-1765175218.springCloudBusInput.errors' has 0 subscriber(s).
2025-11-10T15:13:00.466+01:00  INFO 53333 --- [user-service] [Thread-9] o.s.i.endpoint.EventDrivenConsumer       : Removing {logging-channel-adapter:_org.springframework.integration.errorLogger} as a subscriber to the 'errorChannel' channel
2025-11-10T15:13:00.467+01:00  INFO 53333 --- [user-service] [Thread-9] o.s.i.channel.PublishSubscribeChannel    : Channel 'user-service.errorChannel' has 0 subscriber(s).
2025-11-10T15:13:00.467+01:00  INFO 53333 --- [user-service] [Thread-9] o.s.i.endpoint.EventDrivenConsumer       : stopped bean '_org.springframework.integration.errorLogger'
2025-11-10T15:13:00.475+01:00  INFO 53333 --- [user-service] [Thread-9] com.netflix.discovery.DiscoveryClient    : Shutting down DiscoveryClient ...
2025-11-10T15:13:03.479+01:00  INFO 53333 --- [user-service] [Thread-9] com.netflix.discovery.DiscoveryClient    : Unregistering ...
2025-11-10T15:13:03.501+01:00  INFO 53333 --- [user-service] [Thread-9] com.netflix.discovery.DiscoveryClient    : DiscoveryClient_USER-SERVICE/192.168.100.53:user-service:9090 - deregister  status: 200
2025-11-10T15:13:03.501+01:00  INFO 53333 --- [user-service] [Thread-9] com.netflix.discovery.DiscoveryClient    : Completed shut down of DiscoveryClient
2025-11-10T15:13:03.641+01:00  INFO 53333 --- [user-service] [restartedMain] com.ecommerce.user.UserApplication       : Starting UserApplication using Java 22.0.2 with PID 53333 (/Users/bueze/Desktop/Ecomm/user/target/classes started by bueze in /Users/bueze/Desktop/Ecomm)
2025-11-10T15:13:03.641+01:00  INFO 53333 --- [user-service] [restartedMain] com.ecommerce.user.UserApplication       : No active profile set, falling back to 1 default profile: "default"
2025-11-10T15:13:03.642+01:00  INFO 53333 --- [user-service] [restartedMain] o.s.c.c.c.ConfigServerConfigDataLoader   : Fetching config from server at : http://localhost:7777
2025-11-10T15:13:03.642+01:00  INFO 53333 --- [user-service] [restartedMain] o.s.c.c.c.ConfigServerConfigDataLoader   : Located environment: name=user-service, profiles=[default], label=null, version=null, state=null
2025-11-10T15:13:03.829+01:00  INFO 53333 --- [user-service] [restartedMain] .s.d.r.c.RepositoryConfigurationDelegate : Bootstrapping Spring Data MongoDB repositories in DEFAULT mode.
2025-11-10T15:13:03.832+01:00  INFO 53333 --- [user-service] [restartedMain] .s.d.r.c.RepositoryConfigurationDelegate : Finished Spring Data repository scanning in 2 ms. Found 1 MongoDB repository interface.
2025-11-10T15:13:03.887+01:00  INFO 53333 --- [user-service] [restartedMain] faultConfiguringBeanFactoryPostProcessor : No bean named 'errorChannel' has been explicitly defined. Therefore, a default PublishSubscribeChannel will be created.
2025-11-10T15:13:03.887+01:00  INFO 53333 --- [user-service] [restartedMain] faultConfiguringBeanFactoryPostProcessor : No bean named 'integrationHeaderChannelRegistry' has been explicitly defined. Therefore, a default DefaultHeaderChannelRegistry will be created.
2025-11-10T15:13:03.891+01:00  INFO 53333 --- [user-service] [restartedMain] o.s.cloud.context.scope.GenericScope     : BeanFactory id=cc781187-fb3f-3934-b7ee-dbb9c2f83ca6
2025-11-10T15:13:03.936+01:00  INFO 53333 --- [user-service] [restartedMain] o.s.b.w.embedded.tomcat.TomcatWebServer  : Tomcat initialized with port 9090 (http)
2025-11-10T15:13:03.936+01:00  INFO 53333 --- [user-service] [restartedMain] o.apache.catalina.core.StandardService   : Starting service [Tomcat]
2025-11-10T15:13:03.936+01:00  INFO 53333 --- [user-service] [restartedMain] o.apache.catalina.core.StandardEngine    : Starting Servlet engine: [Apache Tomcat/10.1.46]
2025-11-10T15:13:03.946+01:00  INFO 53333 --- [user-service] [restartedMain] o.a.c.c.C.[Tomcat].[localhost].[/]       : Initializing Spring embedded WebApplicationContext
2025-11-10T15:13:03.946+01:00  INFO 53333 --- [user-service] [restartedMain] w.s.c.ServletWebServerApplicationContext : Root WebApplicationContext: initialization completed in 304 ms
2025-11-10T15:13:03.996+01:00  INFO 53333 --- [user-service] [restartedMain] org.mongodb.driver.client                : MongoClient with metadata {"driver": {"name": "mongo-java-driver|sync|spring-boot", "version": "5.5.1"}, "os": {"type": "Darwin", "name": "Mac OS X", "architecture": "aarch64", "version": "15.6.1"}, "platform": "Java/Amazon.com Inc./22.0.2+9-FR"} created with settings MongoClientSettings{readPreference=primary, writeConcern=WriteConcern{w=null, wTimeout=null ms, journal=null}, retryWrites=true, retryReads=true, readConcern=ReadConcern{level=null}, credential=null, transportSettings=null, commandListeners=[io.micrometer.core.instrument.binder.mongodb.MongoMetricsCommandListener@426ad55b], codecRegistry=ProvidersCodecRegistry{codecProviders=[ValueCodecProvider{}, BsonValueCodecProvider{}, DBRefCodecProvider{}, DBObjectCodecProvider{}, DocumentCodecProvider{}, CollectionCodecProvider{}, IterableCodecProvider{}, MapCodecProvider{}, GeoJsonCodecProvider{}, GridFSFileCodecProvider{}, Jsr310CodecProvider{}, JsonObjectCodecProvider{}, BsonCodecProvider{}, EnumCodecProvider{}, com.mongodb.client.model.mql.ExpressionCodecProvider@7859ab44, com.mongodb.Jep395RecordCodecProvider@261c713e, com.mongodb.KotlinCodecProvider@4c534478]}, loggerSettings=LoggerSettings{maxDocumentLength=1000}, clusterSettings={hosts=[localhost:27017], srvServiceName=mongodb, mode=SINGLE, requiredClusterType=UNKNOWN, requiredReplicaSetName='null', serverSelector='null', clusterListeners='[]', serverSelectionTimeout='30000 ms', localThreshold='15 ms'}, socketSettings=SocketSettings{connectTimeoutMS=10000, readTimeoutMS=0, receiveBufferSize=0, proxySettings=ProxySettings{host=null, port=null, username=null, password=null}}, heartbeatSocketSettings=SocketSettings{connectTimeoutMS=10000, readTimeoutMS=10000, receiveBufferSize=0, proxySettings=ProxySettings{host=null, port=null, username=null, password=null}}, connectionPoolSettings=ConnectionPoolSettings{maxSize=100, minSize=0, maxWaitTimeMS=120000, maxConnectionLifeTimeMS=0, maxConnectionIdleTimeMS=0, maintenanceInitialDelayMS=0, maintenanceFrequencyMS=60000, connectionPoolListeners=[io.micrometer.core.instrument.binder.mongodb.MongoMetricsConnectionPoolListener@21087a1c], maxConnecting=2}, serverSettings=ServerSettings{heartbeatFrequencyMS=10000, minHeartbeatFrequencyMS=500, serverMonitoringMode=AUTO, serverListeners='[]', serverMonitorListeners='[]'}, sslSettings=SslSettings{enabled=false, invalidHostNameAllowed=false, context=null}, applicationName='null', compressorList=[], uuidRepresentation=JAVA_LEGACY, serverApi=null, autoEncryptionSettings=null, dnsClient=null, inetAddressResolver=null, contextProvider=null, timeoutMS=null}
2025-11-10T15:13:03.998+01:00  INFO 53333 --- [user-service] [cluster-ClusterId{value='6911f2efc15b30c7bc726174', description='null'}-localhost:27017] org.mongodb.driver.cluster               : Monitor thread successfully connected to server with description ServerDescription{address=localhost:27017, type=STANDALONE, cryptd=false, state=CONNECTED, ok=true, minWireVersion=0, maxWireVersion=25, maxDocumentSize=16777216, logicalSessionTimeoutMinutes=30, roundTripTimeNanos=2079084, minRoundTripTimeNanos=0}
2025-11-10T15:13:04.044+01:00  INFO 53333 --- [user-service] [restartedMain] o.s.b.d.a.OptionalLiveReloadServer       : LiveReload server is running on port 35729
2025-11-10T15:13:04.182+01:00  WARN 53333 --- [user-service] [restartedMain] c.f.c.c.BeanFactoryAwareFunctionRegistry : Failed to locate function 'busConsumer' for function definition 'busConsumer'. Returning null.
2025-11-10T15:13:04.189+01:00  INFO 53333 --- [user-service] [restartedMain] o.s.c.s.m.DirectWithAttributesChannel    : Channel 'user-service.springCloudBusInput' has 1 subscriber(s).
2025-11-10T15:13:04.235+01:00  INFO 53333 --- [user-service] [restartedMain] DiscoveryClientOptionalArgsConfiguration : Eureka HTTP Client uses RestTemplate.
2025-11-10T15:13:04.246+01:00  WARN 53333 --- [user-service] [restartedMain] iguration$LoadBalancerCaffeineWarnLogger : Spring Cloud LoadBalancer is currently working with the default cache. While this cache implementation is useful for development and tests, it's recommended to use Caffeine cache in production.You can switch to using Caffeine cache, by adding it and org.springframework.cache.caffeine.CaffeineCacheManager to the classpath.
2025-11-10T15:13:04.248+01:00  INFO 53333 --- [user-service] [restartedMain] o.s.b.a.e.web.EndpointLinksResolver      : Exposing 24 endpoints beneath base path '/actuator'
2025-11-10T15:13:04.286+01:00  INFO 53333 --- [user-service] [restartedMain] figuration$IntegrationJmxConfiguration$1 : Registering MessageChannel errorChannel
2025-11-10T15:13:04.289+01:00  INFO 53333 --- [user-service] [restartedMain] figuration$IntegrationJmxConfiguration$1 : Registering MessageChannel springCloudBusInput
2025-11-10T15:13:04.291+01:00  INFO 53333 --- [user-service] [restartedMain] figuration$IntegrationJmxConfiguration$1 : Registering MessageChannel nullChannel
2025-11-10T15:13:04.293+01:00  INFO 53333 --- [user-service] [restartedMain] figuration$IntegrationJmxConfiguration$1 : Registering MessageHandler _org.springframework.integration.errorLogger
2025-11-10T15:13:04.296+01:00  INFO 53333 --- [user-service] [restartedMain] o.s.i.endpoint.EventDrivenConsumer       : Adding {logging-channel-adapter:_org.springframework.integration.errorLogger} as a subscriber to the 'errorChannel' channel
2025-11-10T15:13:04.296+01:00  INFO 53333 --- [user-service] [restartedMain] o.s.i.channel.PublishSubscribeChannel    : Channel 'user-service.errorChannel' has 1 subscriber(s).
2025-11-10T15:13:04.296+01:00  INFO 53333 --- [user-service] [restartedMain] o.s.i.endpoint.EventDrivenConsumer       : started bean '_org.springframework.integration.errorLogger'
2025-11-10T15:13:04.297+01:00  INFO 53333 --- [user-service] [restartedMain] o.s.c.n.eureka.InstanceInfoFactory       : Setting initial instance status as: STARTING
2025-11-10T15:13:04.298+01:00  INFO 53333 --- [user-service] [restartedMain] com.netflix.discovery.DiscoveryClient    : Initializing Eureka in region us-east-1
2025-11-10T15:13:04.298+01:00  INFO 53333 --- [user-service] [restartedMain] c.n.d.s.r.aws.ConfigClusterResolver      : Resolving eureka endpoints via configuration
2025-11-10T15:13:04.298+01:00  INFO 53333 --- [user-service] [restartedMain] com.netflix.discovery.DiscoveryClient    : Disable delta property : false
2025-11-10T15:13:04.298+01:00  INFO 53333 --- [user-service] [restartedMain] com.netflix.discovery.DiscoveryClient    : Single vip registry refresh property : null
2025-11-10T15:13:04.298+01:00  INFO 53333 --- [user-service] [restartedMain] com.netflix.discovery.DiscoveryClient    : Force full registry fetch : false
2025-11-10T15:13:04.298+01:00  INFO 53333 --- [user-service] [restartedMain] com.netflix.discovery.DiscoveryClient    : Application is null : false
2025-11-10T15:13:04.298+01:00  INFO 53333 --- [user-service] [restartedMain] com.netflix.discovery.DiscoveryClient    : Registered Applications size is zero : true
2025-11-10T15:13:04.298+01:00  INFO 53333 --- [user-service] [restartedMain] com.netflix.discovery.DiscoveryClient    : Application version is -1: true
2025-11-10T15:13:04.298+01:00  INFO 53333 --- [user-service] [restartedMain] com.netflix.discovery.DiscoveryClient    : Getting all instance registry info from the eureka server
2025-11-10T15:13:04.315+01:00  INFO 53333 --- [user-service] [restartedMain] com.netflix.discovery.DiscoveryClient    : The response status is 200
2025-11-10T15:13:04.316+01:00  INFO 53333 --- [user-service] [restartedMain] com.netflix.discovery.DiscoveryClient    : Starting heartbeat executor: renew interval is: 30
2025-11-10T15:13:04.316+01:00  INFO 53333 --- [user-service] [restartedMain] c.n.discovery.InstanceInfoReplicator     : InstanceInfoReplicator onDemand update allowed rate per min is 4
2025-11-10T15:13:04.316+01:00  INFO 53333 --- [user-service] [restartedMain] com.netflix.discovery.DiscoveryClient    : Discovery Client initialized at timestamp 1762783984316 with initial instances count: 3
2025-11-10T15:13:04.317+01:00  INFO 53333 --- [user-service] [restartedMain] o.s.c.n.e.s.EurekaServiceRegistry        : Registering application USER-SERVICE with eureka with status UP
2025-11-10T15:13:04.317+01:00  INFO 53333 --- [user-service] [restartedMain] com.netflix.discovery.DiscoveryClient    : Saw local status change event StatusChangeEvent [timestamp=1762783984317, current=UP, previous=STARTING]
2025-11-10T15:13:04.317+01:00  INFO 53333 --- [user-service] [DiscoveryClient-InstanceInfoReplicator-%d] com.netflix.discovery.DiscoveryClient    : DiscoveryClient_USER-SERVICE/192.168.100.53:user-service:9090: registering service...
2025-11-10T15:13:04.318+01:00  INFO 53333 --- [user-service] [restartedMain] o.s.c.s.binder.DefaultBinderFactory      : Creating binder: rabbit
2025-11-10T15:13:04.318+01:00  INFO 53333 --- [user-service] [restartedMain] o.s.c.s.binder.DefaultBinderFactory      : Constructing binder child context for rabbit
2025-11-10T15:13:04.323+01:00  INFO 53333 --- [user-service] [DiscoveryClient-InstanceInfoReplicator-%d] com.netflix.discovery.DiscoveryClient    : DiscoveryClient_USER-SERVICE/192.168.100.53:user-service:9090 - registration status: 204
2025-11-10T15:13:04.334+01:00  INFO 53333 --- [user-service] [restartedMain] o.s.c.s.binder.DefaultBinderFactory      : Caching the binder: rabbit
2025-11-10T15:13:04.337+01:00  INFO 53333 --- [user-service] [restartedMain] c.s.b.r.p.RabbitExchangeQueueProvisioner : declaring queue for inbound: springCloudBus.anonymous.BTm4nnZlT0q3xnVjZ2N36A, bound to: springCloudBus
2025-11-10T15:13:04.337+01:00  INFO 53333 --- [user-service] [restartedMain] o.s.a.r.c.CachingConnectionFactory       : Attempting to connect to: [localhost:5672]
2025-11-10T15:13:04.366+01:00  INFO 53333 --- [user-service] [restartedMain] o.s.a.r.c.CachingConnectionFactory       : Created new connection: rabbitConnectionFactory#5e5ff3b4:0/SimpleConnection@58c96f5f [delegate=amqp://guest@127.0.0.1:5672/, localPort=59863]
2025-11-10T15:13:04.379+01:00  INFO 53333 --- [user-service] [restartedMain] o.s.c.stream.binder.BinderErrorChannel   : Channel 'rabbit-452916075.springCloudBusInput.errors' has 1 subscriber(s).
2025-11-10T15:13:04.380+01:00  INFO 53333 --- [user-service] [restartedMain] o.s.c.stream.binder.BinderErrorChannel   : Channel 'rabbit-452916075.springCloudBusInput.errors' has 2 subscriber(s).
2025-11-10T15:13:04.383+01:00  INFO 53333 --- [user-service] [restartedMain] o.s.i.a.i.AmqpInboundChannelAdapter      : started bean 'inbound.springCloudBus.anonymous.BTm4nnZlT0q3xnVjZ2N36A'
2025-11-10T15:13:04.384+01:00  INFO 53333 --- [user-service] [restartedMain] o.s.b.w.embedded.tomcat.TomcatWebServer  : Tomcat started on port 9090 (http) with context path '/'
2025-11-10T15:13:04.385+01:00  INFO 53333 --- [user-service] [restartedMain] .s.c.n.e.s.EurekaAutoServiceRegistration : Updating port to 9090
2025-11-10T15:13:04.397+01:00  INFO 53333 --- [user-service] [restartedMain] figuration$IntegrationJmxConfiguration$1 : Registering MessageChannel rabbit-452916075.springCloudBusInput.errors
2025-11-10T15:13:04.403+01:00  INFO 53333 --- [user-service] [restartedMain] com.ecommerce.user.UserApplication       : Started UserApplication in 0.82 seconds (process running for 502.96)
2025-11-10T15:13:04.404+01:00  INFO 53333 --- [user-service] [restartedMain] .ConditionEvaluationDeltaLoggingListener : Condition evaluation unchanged
2025-11-10T15:18:04.249+01:00  INFO 53333 --- [user-service] [AsyncResolver-bootstrap-executor-%d] c.n.d.s.r.aws.ConfigClusterResolver      : Resolving eureka endpoints via configuration
